       8  0.0000002  0.00000003  51.20   768.0 1000000   0.0
       9  0.0000002  0.00000008  46.08   730.4 1000000   0.0
      10  0.0000002  0.00000011  60.95  1012.4 1000000   0.0
      12  0.0000002  0.00000008  64.00  1147.2 1000000   0.0
      14  0.0000001  0.00000018  99.56  1895.2 1000000   0.0
      15  0.0000002  0.00000014  87.27  1704.8 1000000   0.0
      16  0.0000002  0.00000014  97.52  1950.5 1000000   0.0
      18  0.0000002  0.00000015  76.80  1601.3 1000000   0.0
      20  0.0000002  0.00000017 116.36  2514.6 1000000   0.0
      21  0.0000002  0.00000017  89.60  1967.8 1000000   0.0
      24  0.0000001  0.00000015 161.68  3706.6 1000000   0.0
      25  0.0000002  0.00000017 103.23  2396.8 1000000   0.0
      27  0.0000002  0.00000014 144.00  3423.5 1000000   0.0
      28  0.0000002  0.00000015 149.33  3589.5 1000000   0.0
      30  0.0000002  0.00000013 153.60  3768.5 1000000   0.0
      32  0.0000002  0.00000016 178.09  4452.2 1000000   0.0
      35  0.0000003  0.00000018 128.00  3282.7 1000000   0.0
      36  0.0000002  0.00000016 144.00  3722.3 1000000   0.0
      40  0.0000002  0.00000015 189.63  5046.0 1000000   0.0
      42  0.0000003  0.00000022 162.91  4392.3 1000000   0.0
      45  0.0000004  0.00000016 128.00  3514.8 1000000   0.0
      48  0.0000002  0.00000016 236.31  6598.8 1000000   0.0
      49  0.0000003  0.00000019 152.98  4294.6 1000000   0.0
      50  0.0000002  0.00000017 246.15  6946.3 1000000   0.0
      54  0.0000002  0.00000020 230.40  6629.6 1000000   0.0
      56  0.0000002  0.00000017 247.17  7177.1 1000000   0.0
      60  0.0000002  0.00000018 256.00  7560.8 1000000   0.0
      63  0.0000004  0.00000022 171.57  5127.7 1000000   0.0
      64  0.0000002  0.00000017 341.33 10240.0 1000000   0.0
      70  0.0000003  0.00000017 224.00  6864.8 1000000   0.0
      72  0.0000002  0.00000017 341.33 10530.0 1000000   0.0
      75  0.0000003  0.00000019 228.57  7118.6 1000000   0.0
      80  0.0000002  0.00000016 393.85 12449.3 1000000   0.0
      81  0.0000005  0.00000018 158.81  5034.1  980302   0.0
      84  0.0000003  0.00000017 290.59  9287.9 1000000   0.0
      90  0.0000003  0.00000017 261.82  8498.4 1000000   0.0
      96  0.0000002  0.00000017 438.86 14449.3 1000000   0.0
      98  0.0000004  0.00000019 266.89  8827.1 1000000   0.0
     100  0.0000003  0.00000021 320.00 10630.2 1000000   0.0
     105  0.0000005  0.00000021 227.80  7647.4 1000000   0.0
     108  0.0000003  0.00000019 321.49 10858.1 1000000   0.0
     112  0.0000003  0.00000018 409.60 13941.5 1000000   0.0
     120  0.0000003  0.00000019 465.45 16074.2 1000000   0.0
     125  0.0000006  0.00000020 215.68  7512.1  862738   0.0
     126  0.0000004  0.00000020 282.95  9871.0 1000000   0.0
     128  0.0000003  0.00000020 468.11 16384.0 1000000   0.0
     135  0.0000006  0.00000021 222.32  7866.7  823422   0.0
     140  0.0000003  0.00000019 437.07 15580.1 1000000   0.0
     144  0.0000003  0.00000018 512.00 18355.0 1000000   0.0
     147  0.0000010  0.00000021 152.23  5480.0  517788   0.0
     150  0.0000005  0.00000019 320.00 11566.1 1000000   0.0
     160  0.0000003  0.00000018 476.28 17436.4 1000000   0.0
     162  0.0000007  0.00000021 248.49  9119.5  766951   0.0
     168  0.0000004  0.00000019 477.87 17662.7 1000000   0.0
     175  0.0000009  0.00000022 205.55  7657.9  587281   0.0
     180  0.0000004  0.00000020 470.20 17613.5 1000000   0.0
     189  0.0000012  0.00000022 152.31  5758.9  402928   0.0
     192  0.0000003  0.00000021 646.74 24527.4 1000000   0.0
     196  0.0000007  0.00000019 281.07 10701.4  717019   0.0
     200  0.0000004  0.00000020 457.14 17471.7 1000000   0.0
     210  0.0000006  0.00000021 339.65 13100.6  808684   0.0
     216  0.0000005  0.00000020 445.94 17290.9 1000000   0.0
     224  0.0000004  0.00000021 540.98 21118.2 1000000   0.0
     225  0.0000011  0.00000024 201.03  7854.2  446741   0.0
     240  0.0000003  0.00000019 853.33 33736.1 1000000   0.1
     243  0.0000016  0.00000022 151.79  6014.3  312315   0.0
     245  0.0000015  0.00000023 167.65  6652.8  342140   0.0
     250  0.0000008  0.00000024 332.95 13261.0  665900   0.0
     252  0.0000007  0.00000021 373.22 14886.3  740509   0.0
     256  0.0000004  0.00000019 728.18 29127.1 1000000   0.0
     270  0.0000008  0.00000022 322.93 13041.4  598027   0.0
     280  0.0000005  0.00000020 578.06 23496.2 1000000   0.0
     288  0.0000006  0.00000020 495.48 20240.2  860210   0.1
     294  0.0000012  0.00000022 248.82 10201.3  423165   0.0
     300  0.0000006  0.00000020 464.51 19111.9  774186   0.0
     315  0.0000019  0.00000023 169.88  7049.5  269657   0.0
     320  0.0000003  0.000000201024.00 42608.3 1000000   0.0
     324  0.0000009  0.00000021 377.75 15752.1  582954   0.0
     336  0.0000009  0.00000021 372.85 15645.6  554843   0.0
     343  0.0000023  0.00000023 150.28  6328.3  219064   0.0
     350  0.0000011  0.00000023 320.75 13553.4  458208   0.0
     360  0.0000007  0.00000022 527.74 22407.3  732968   0.1
     375  0.0000019  0.00000024 192.92  8248.1  257229   0.0
     378  0.0000013  0.00000023 285.36 12216.7  377464   0.0
     384  0.0000005  0.00000022 805.77 34587.5 1000000   0.1
     392  0.0000010  0.00000024 409.69 17646.6  522559   0.0
     400  0.0000005  0.00000021 729.04 31508.6  911300   0.0
     405  0.0000023  0.00000023 175.76  7612.0  216988   0.0
     420  0.0000011  0.00000022 398.06 17343.9  473878   0.0
     432  0.0000009  0.00000022 463.56 20291.9  536523   0.1
     441  0.0000029  0.00000024 151.23  6642.7  171467   0.0
     448  0.0000007  0.00000021 613.30 27008.0  684492   0.0
     450  0.0000015  0.00000022 305.81 13476.6  339787   0.0
     480  0.0000008  0.00000021 589.46 26251.3  614022   0.1
     486  0.0000018  0.00000024 263.15 11742.9  270733   0.0
     490  0.0000017  0.00000023 283.60 12672.1  289387   0.0
     500  0.0000012  0.00000024 426.57 19122.9  426575   0.0
     504  0.0000013  0.00000022 399.80 17945.7  396629   0.1
     512  0.0000005  0.00000022 961.52 43268.2  938980   0.0
     525  0.0000027  0.00000023 194.17  8773.0  184928   0.0
     540  0.0000012  0.00000022 458.43 20805.2  424468   0.1
     560  0.0000012  0.00000022 486.46 22205.3  434343   0.1
     567  0.0000035  0.00000025 163.76  7489.5  144405   0.0
     576  0.0000012  0.00000022 500.04 22926.7  434063   0.1
     588  0.0000014  0.00000024 410.30 18873.2  348895   0.0
     600  0.0000012  0.00000022 505.51 23326.4  421260   0.1
     625  0.0000036  0.00000026 171.64  7970.7  137312   0.0
     630  0.0000020  0.00000022 308.54 14345.9  244874   0.0
     640  0.0000007  0.00000020 894.82 41707.1  699075   0.1
     648  0.0000015  0.00000023 425.03 19848.7  327958   0.1
     672  0.0000014  0.00000023 489.27 22976.8  364039   0.1
     675  0.0000035  0.00000024 195.05  9166.3  144484   0.0
     686  0.0000025  0.00000023 274.30 12922.2  199924   0.0
     700  0.0000017  0.00000024 420.54 19873.3  300389   0.0
     720  0.0000012  0.00000023 599.40 28447.2  416251   0.1
     729  0.0000048  0.00000024 150.48  7155.4  103213   0.0
     735  0.0000041  0.00000024 180.62  8599.0  122871   0.0
     750  0.0000024  0.00000025 306.71 14646.4  204471   0.0
     756  0.0000019  0.00000024 403.45 19289.5  266833   0.0
     768  0.0000009  0.00000022 868.76 41635.2  565599   0.1
     784  0.0000018  0.00000024 427.41 20547.0  272581   0.0
     800  0.0000013  0.00000022 592.60 28575.0  370378   0.1
     810  0.0000030  0.00000024 270.48 13066.5  166962   0.0
     840  0.0000018  0.00000023 465.39 22604.7  277019   0.1
     864  0.0000017  0.00000023 498.16 24297.5  288287   0.1
     875  0.0000053  0.00000025 165.78  8101.0   94732   0.0
     882  0.0000034  0.00000024 259.19 12680.3  146932   0.0
     896  0.0000017  0.00000023 529.41 25960.5  295429   0.1
     900  0.0000021  0.00000023 435.99 21393.5  242216   0.1
     945  0.0000059  0.00000024 161.31  7972.0   85348   0.0
     960  0.0000018  0.00000022 539.97 26747.3  281236   0.1
     972  0.0000024  0.00000024 404.45 20070.6  208052   0.0
     980  0.0000026  0.00000024 371.13 18439.1  189354   0.0
    1000  0.0000022  0.00000025 463.68 23104.6  231839   0.0
    1008  0.0000021  0.00000023 474.10 23651.3  235170   0.1
    1024  0.0000012  0.00000023 847.54 42376.9  413837   0.0
    1029  0.0000077  0.00000026 133.62  6685.7   64927   0.0
    1050  0.0000032  0.00000024 326.84 16401.2  155639   0.0
    1080  0.0000024  0.00000023 456.54 23002.6  211363   0.1
    1120  0.0000023  0.00000024 491.10 24872.6  219242   0.1
    1125  0.0000069  0.00000026 162.30  8225.3   72135   0.0
    1134  0.0000045  0.00000026 253.71 12872.2  111865   0.0
    1152  0.0000022  0.00000024 516.81 26279.7  224311   0.1
    1176  0.0000032  0.00000024 362.22 18472.7  154006   0.0
    1200  0.0000021  0.00000023 580.19 29673.2  241745   0.1
    1215  0.0000074  0.00000025 164.15  8410.2   67553   0.0
    1225  0.0000072  0.00000026 169.83  8711.1   69319   0.0
    1250  0.0000042  0.00000028 298.40 15349.0  119358   0.0
    1260  0.0000033  0.00000024 381.43 19642.0  151360   0.1
    1280  0.0000016  0.00000022 806.55 41625.8  315059   0.1
    1296  0.0000027  0.00000023 487.92 25225.3  188242   0.1
    1323  0.0000100  0.00000027 132.33  6860.9   50010   0.0
    1344  0.0000028  0.00000025 473.87 24623.0  176291   0.1
    1350  0.0000047  0.00000024 284.46 14790.1  105355   0.1
    1372  0.0000050  0.00000026 275.29 14345.7  100326   0.0
    1400  0.0000030  0.00000024 470.92 24608.3  168185   0.1
    1440  0.0000030  0.00000022 487.29 25563.0  169199   0.2
    1458  0.0000059  0.00000026 247.76 13019.2   84964   0.0
    1470  0.0000044  0.00000026 331.91 17461.0  112894   0.0
    1500  0.0000034  0.00000025 444.29 23437.8  148096   0.1
    1512  0.0000039  0.00000026 390.46 20620.6  129120   0.1
    1536  0.0000029  0.00000024 533.90 28256.5  173795   0.1
    1568  0.0000039  0.00000025 405.36 21513.7  129259   0.0
    1575  0.0000093  0.00000026 169.75  9014.5   53888   0.0
    1600  0.0000030  0.00000024 540.70 28775.9  168970   0.1
    1620  0.0000042  0.00000024 385.04 20525.8  118838   0.1
    1680  0.0000030  0.00000024 563.58 30191.5  167731   0.1
    1701  0.0000131  0.00000027 129.50  6948.9   38065   0.0
    1715  0.0000131  0.00000027 131.06  7040.7   38211   0.0
    1728  0.0000034  0.00000024 504.41 27124.6  145953   0.1
    1750  0.0000067  0.00000027 259.41 13973.5   74118   0.0
    1764  0.0000052  0.00000027 340.05 18336.6   96386   0.0
    1792  0.0000037  0.00000026 481.92 26041.2  134463   0.1
    1800  0.0000038  0.00000024 477.93 25841.3  132759   0.2
    1875  0.0000126  0.00000027 149.01  8100.7   39736   0.0
    1890  0.0000072  0.00000025 260.93 14200.0   69029   0.1
    1920  0.0000035  0.00000024 553.23 30170.2  144071   0.2
    1944  0.0000052  0.00000026 375.94 20535.5   96693   0.1
    1960  0.0000052  0.00000025 379.85 20771.5   96901   0.1
    2000  0.0000036  0.00000026 561.23 30771.5  140307   0.1
    2016  0.0000045  0.00000025 448.89 24638.0  111332   0.2
    2025  0.0000132  0.00000027 153.18  8412.1   37821   0.0
    2048  0.0000029  0.00000024 713.17 39224.4  174114   0.1
    2058  0.0000089  0.00000027 230.78 12701.0   56069   0.0
    2100  0.0000047  0.00000025 449.06 24779.3  106918   0.1
    2160  0.0000044  0.00000025 489.70 27121.5  113356   0.2
    2187  0.0000181  0.00000028 120.79  6700.6   27615   0.0
    2205  0.0000158  0.00000027 139.16  7727.8   31555   0.0
    2240  0.0000042  0.00000025 539.63 30028.7  120454   0.1
    2250  0.0000074  0.00000026 304.11 16932.4   67580   0.1
    2268  0.0000059  0.00000027 382.09 21296.4   84236   0.1
    2304  0.0000047  0.00000026 494.26 27604.4  107262   0.2
    2352  0.0000067  0.00000027 353.04 19769.7   75051   0.1
    2400  0.0000044  0.00000025 545.60 30632.3  113667   0.2
    2401  0.0000186  0.00000027 129.23  7256.0   26912   0.0
    2430  0.0000097  0.00000026 249.48 14029.1   51333   0.1
    2450  0.0000095  0.00000026 256.73 14451.8   52393   0.0
    2500  0.0000065  0.00000028 383.67 21653.5   76733   0.0
    2520  0.0000067  0.00000026 377.82 21345.3   74964   0.2
    2560  0.0000046  0.00000024 553.95 31358.8  108193   0.1
    2592  0.0000059  0.00000026 436.68 24759.4   84236   0.2
    2625  0.0000181  0.00000027 144.81  8223.9   27583   0.0
    2646  0.0000123  0.00000027 214.37 12186.7   40509   0.0
    2688  0.0000049  0.00000027 543.09 30935.5  101022   0.2
    2700  0.0000063  0.00000025 429.38 24472.0   79515   0.2
    2744  0.0000081  0.00000027 338.95 19357.5   61762   0.0
    2800  0.0000059  0.00000025 477.71 27351.7   85305   0.1
    2835  0.0000217  0.00000027 130.74  7497.6   23059   0.0
    2880  0.0000053  0.00000024 538.84 30961.5   93549   0.3
    2916  0.0000078  0.00000028 374.01 21524.0   64131   0.1
    2940  0.0000083  0.00000027 356.16 20517.5   60571   0.1
    3000  0.0000066  0.00000026 451.60 26081.7   75267   0.1
    3024  0.0000072  0.00000027 420.31 24298.4   69495   0.2
    3072  0.0000057  0.00000026 540.29 31296.3   87938   0.1
    3087  0.0000236  0.00000028 130.84  7583.4   21192   0.0
    3125  0.0000229  0.00000030 136.51  7923.9   21841   0.0
    3136  0.0000078  0.00000027 402.13 23353.1   64115   0.1
    3150  0.0000110  0.00000026 285.70 16601.1   45350   0.1
    3200  0.0000058  0.00000025 555.42 32336.4   86785   0.2
    3240  0.0000088  0.00000025 367.55 21431.2   56720   0.2
    3360  0.0000076  0.00000025 444.14 26013.7   66092   0.2
    3375  0.0000221  0.00000028 152.71  8949.0   22623   0.0
    3402  0.0000154  0.00000028 220.94 12960.5   32472   0.0
    3430  0.0000158  0.00000027 217.14 12750.4   31653   0.0
    3456  0.0000080  0.00000027 430.06 25276.4   62219   0.2
    3500  0.0000096  0.00000027 364.72 21469.6   52103   0.1
    3528  0.0000095  0.00000027 370.67 21840.8   52532   0.1
    3584  0.0000074  0.00000027 483.27 28530.5   67420   0.1
    3600  0.0000075  0.00000025 477.71 28218.0   66349   0.3
    3645  0.0000281  0.00000028 129.51  7661.9   17766   0.0
    3675  0.0000273  0.00000028 134.51  7965.5   18301   0.0
    3750  0.0000135  0.00000028 276.95 16440.4   36926   0.1
    3780  0.0000099  0.00000026 380.25 22595.0   50298   0.2
    3840  0.0000077  0.00000025 496.09 29534.4   64595   0.3
    3888  0.0000103  0.00000027 378.60 22573.5   48688   0.2
    3920  0.0000096  0.00000027 408.82 24400.0   52146   0.1
    3969  0.0000319  0.00000029 124.45  7438.8   15678   0.0
    4000  0.0000085  0.00000026 472.65 28278.0   59081   0.1
    4032  0.0000100  0.00000027 402.14 24082.9   49869   0.2
    4050  0.0000153  0.00000027 265.12 15885.7   32731   0.1
    4096  0.0000059  0.00000027 696.50 41790.0   85022   0.1
    4116  0.0000124  0.00000028 332.84 19982.4   40433   0.0
    4200  0.0000117  0.00000026 359.28 21621.6   42771   0.2
    4320  0.0000101  0.00000026 426.70 25766.1   49387   0.3
    4374  0.0000218  0.00000029 200.70 12136.9   22942   0.0
    4375  0.0000322  0.00000030 136.01  8225.2   15544   0.0
    4410  0.0000176  0.00000027 250.61 15170.2   28414   0.1
    4480  0.0000101  0.00000027 443.07 26870.7   49450   0.2
    4500  0.0000099  0.00000027 453.25 27502.5   50361   0.2
    4536  0.0000132  0.00000028 343.51 20863.5   37865   0.2
    4608  0.0000087  0.00000026 530.82 32300.4   57598   0.3
    4704  0.0000133  0.00000028 354.07 21597.7   37635   0.1
    4725  0.0000342  0.00000028 138.26  8438.3   14631   0.1
    4800  0.0000090  0.00000025 533.64 32628.6   55587   0.3
    4802  0.0000229  0.00000028 209.42 12805.7   21806   0.0
    4860  0.0000132  0.00000027 367.40 22497.1   37798   0.2
    4900  0.0000142  0.00000028 346.18 21218.1   35324   0.1
    5000  0.0000113  0.00000028 444.29 27296.5   44429   0.1
    5040  0.0000128  0.00000027 394.86 24282.6   39173   0.3
    5103  0.0000446  0.00000030 114.34  7041.6   11203   0.0
    5120  0.0000098  0.00000026 521.01 32099.3   50880   0.2
    5145  0.0000399  0.00000029 128.91  7946.8   12528   0.0
    5184  0.0000123  0.00000027 420.36 25935.9   40544   0.3
    5250  0.0000234  0.00000028 224.25 13856.4   21357   0.1
    5292  0.0000168  0.00000028 315.03 19484.1   29765   0.1
    5376  0.0000108  0.00000027 497.46 30823.6   46267   0.3
    5400  0.0000141  0.00000027 383.92 23800.5   35548   0.3
    5488  0.0000161  0.00000029 340.78 21166.1   31048   0.1
    5600  0.0000135  0.00000026 415.84 25888.9   37129   0.2
    5625  0.0000446  0.00000030 126.08  7853.2   11207   0.0
    5670  0.0000248  0.00000028 228.69 14258.1   20167   0.1
    5760  0.0000125  0.00000026 460.40 28756.0   39965   0.4
    5832  0.0000191  0.00000028 305.47 19106.7   26189   0.1
    5880  0.0000163  0.00000028 361.47 22630.7   30737   0.2
    6000  0.0000131  0.00000027 457.74 28724.9   38145   0.3
    6048  0.0000167  0.00000027 361.79 22724.6   29910   0.3
    6075  0.0000448  0.00000029 135.70  8528.1   11169   0.1
    6125  0.0000463  0.00000029 132.42  8329.7   10810   0.0
    6144  0.0000125  0.00000028 491.26 30912.6   39979   0.2
    6174  0.0000292  0.00000029 211.40 13309.6   17120   0.0
    6250  0.0000274  0.00000031 228.40 14400.2   18272   0.0
    6272  0.0000184  0.00000028 340.39 21469.9   27136   0.1
    6300  0.0000172  0.00000027 366.74 23143.1   29106   0.3
    6400  0.0000129  0.00000026 496.93 31415.8   38823   0.3
    6480  0.0000158  0.00000027 408.85 25883.8   31547   0.4
    6561  0.0000586  0.00000030 111.94  7097.1    8531   0.0
    6615  0.0000478  0.00000029 138.25  8773.2   10450   0.0
    6720  0.0000155  0.00000027 434.02 27591.1   32293   0.4
    6750  0.0000256  0.00000028 263.76 16776.2   19538   0.1
    6804  0.0000209  0.00000029 324.96 20687.2   23880   0.1
    6860  0.0000216  0.00000028 317.04 20201.9   23108   0.1
    6912  0.0000170  0.00000028 405.55 25864.0   29337   0.4
    7000  0.0000181  0.00000029 387.18 24727.8   27656   0.2
    7056  0.0000192  0.00000028 367.93 23519.1   26072   0.2
    7168  0.0000158  0.00000028 452.40 28970.3   31557   0.2
    7200  0.0000178  0.00000027 404.34 25905.5   28079   0.5
    7203  0.0000697  0.00000031 103.28  6617.1    7169   0.0
    7290  0.0000343  0.00000029 212.69 13646.1   14588   0.1
    7350  0.0000319  0.00000029 230.38 14794.4   15672   0.1
    7500  0.0000187  0.00000029 400.26 25762.1   26684   0.2
    7560  0.0000189  0.00000028 400.11 25775.1   26462   0.4
    7680  0.0000160  0.00000026 479.51 30944.8   31218   0.4
    7776  0.0000210  0.00000028 370.78 23961.0   23841   0.3
    7840  0.0000201  0.00000028 389.41 25188.5   24835   0.2
    7875  0.0000617  0.00000030 127.73  8266.2    8110   0.1
    7938  0.0000401  0.00000029 197.75 12808.9   12456   0.1
    8000  0.0000165  0.00000027 484.90 31435.3   30306   0.3
    8064  0.0000204  0.00000030 396.22 25709.1   24567   0.4
    8100  0.0000207  0.00000028 390.87 25374.9   24128   0.3
    8192  0.0000183  0.00000028 447.63 29095.8   27321   0.1
    8232  0.0000275  0.00000029 299.20 19458.5   18173   0.1
    8400  0.0000208  0.00000028 404.48 26364.2   24076   0.4
    8505  0.0000675  0.00000029 125.91  8218.1    7402   0.1
    8575  0.0000720  0.00000030 119.18  7785.7    6949   0.0
    8640  0.0000180  0.00000026 479.09 31324.7   27725   0.6
    8748  0.0000294  0.00000029 297.17 19456.8   16985   0.1
    8750  0.0000399  0.00000031 219.43 14367.4   12539   0.1
    8820  0.0000254  0.00000029 347.21 22753.5   19683   0.2
    8960  0.0000202  0.00000027 443.13 29089.6   24728   0.4
    9000  0.0000225  0.00000028 399.20 26219.1   22178   0.4
    9072  0.0000254  0.00000029 357.49 23500.1   19703   0.3
    9216  0.0000189  0.00000028 486.48 32034.2   26393   0.4
    9261  0.0000938  0.00000031  98.72  6504.3    5330   0.0
    9375  0.0000768  0.00000031 122.01  8049.1    6507   0.0
    9408  0.0000244  0.00000030 385.24 25425.1   20474   0.3
    9450  0.0000376  0.00000028 251.50 16606.8   13307   0.2
    9600  0.0000218  0.00000027 439.93 29098.7   22913   0.6
    9604  0.0000400  0.00000030 240.27 15893.4   12509   0.0
    9720  0.0000255  0.00000028 380.44 25198.0   19570   0.4
    9800  0.0000262  0.00000029 374.30 24813.5   19097   0.2
   10000  0.0000258  0.00000029 388.34 25800.8   19417   0.2
   10080  0.0000274  0.00000028 367.68 24449.1   18238   0.6
   10125  0.0000802  0.00000031 126.32  8403.8    6238   0.1
   10206  0.0000559  0.00000030 182.54 12154.8    8943   0.1
   10240  0.0000236  0.00000027 433.52 28876.7   21168   0.3
   10290  0.0000438  0.00000029 234.71 15642.5   11405   0.1
   10368  0.0000267  0.00000028 387.80 25866.3   18702   0.5
   10500  0.0000294  0.00000029 356.64 23820.4   16983   0.3
   10584  0.0000328  0.00000030 322.81 21579.3   15250   0.2
   10752  0.0000254  0.00000029 423.48 28356.8   19693   0.4
   10800  0.0000276  0.00000027 391.18 26206.3   18110   0.6
   10935  0.0000901  0.00000030 121.40  8143.9    5551   0.1
   10976  0.0000352  0.00000030 311.98 20937.2   14212   0.1
   11025  0.0000889  0.00000030 123.99  8324.8    5623   0.1
   11200  0.0000295  0.00000027 380.04 25559.9   16966   0.4
   11250  0.0000508  0.00000030 221.33 14893.1    9837   0.2
   11340  0.0000364  0.00000029 311.85 21001.7   13750   0.4
   11520  0.0000272  0.00000028 423.22 28550.2   18369   0.7
   11664  0.0000359  0.00000030 324.89 21945.9   13927   0.3
   11760  0.0000305  0.00000028 385.78 26081.5   16402   0.4
   11907  0.0001183  0.00000032 100.69  6816.2    4228   0.0
   12000  0.0000272  0.00000028 440.40 29838.7   18350   0.5
   12005  0.0001191  0.00000031 100.82  6831.1    4199   0.0
   12096  0.0000323  0.00000028 374.71 25409.5   15489   0.6
   12150  0.0000573  0.00000029 212.19 14395.5    8732   0.2
   12250  0.0000613  0.00000030 199.87 13571.7    8158   0.1
   12288  0.0000282  0.00000029 435.14 29557.0   17706   0.4
   12348  0.0000440  0.00000031 280.32 19050.8   11351   0.1
   12500  0.0000423  0.00000032 295.23 20089.5   11809   0.1
   12544  0.0000339  0.00000030 370.15 25197.3   14754   0.3
   12600  0.0000383  0.00000028 329.09 22412.7   13059   0.6
   12800  0.0000295  0.00000027 433.92 29601.7   16950   0.4
   12960  0.0000346  0.00000028 374.49 25581.1   14448   0.7
   13122  0.0000741  0.00000031 177.20 12120.2    6752   0.1
   13125  0.0001062  0.00000031 123.59  8453.2    4708   0.1
   13230  0.0000636  0.00000030 208.08 14244.8    7864   0.2
   13440  0.0000314  0.00000028 428.14 29358.4   15928   0.8
   13500  0.0000377  0.00000029 357.99 24559.5   13259   0.4
   13608  0.0000466  0.00000030 291.86 20039.7   10724   0.4
   13720  0.0000454  0.00000029 302.25 20770.7   11015   0.2
   13824  0.0000348  0.00000030 397.41 27331.8   14374   0.6
   14000  0.0000372  0.00000029 375.98 25892.4   13428   0.4
   14112  0.0000433  0.00000029 325.56 22438.9   11535   0.5
   14175  0.0001199  0.00000031 118.25  8153.8    4171   0.1
   14336  0.0000383  0.00000030 374.63 25863.1   13066   0.3
   14400  0.0000336  0.00000027 429.15 29640.8   14901   0.9
   14406  0.0000829  0.00000031 173.82 12006.3    6033   0.0
   14580  0.0000465  0.00000029 313.64 21691.2   10756   0.4
   14700  0.0000424  0.00000029 347.04 24021.1   11804   0.4
   15000  0.0000424  0.00000030 353.61 24527.6   11787   0.4
   15120  0.0000415  0.00000028 364.12 25277.5   12041   0.8
   15309  0.0001515  0.00000032 101.07  7025.4    3301   0.1
   15360  0.0000350  0.00000028 439.11 30533.4   14294   0.7
   15435  0.0001558  0.00000031  99.06  6891.7    3209   0.1
   15552  0.0000445  0.00000029 349.24 24315.2   11228   0.6
   15625  0.0001372  0.00000034 113.88  7932.3    3644   0.0
   15680  0.0000387  0.00000029 405.01 28222.7   12915   0.4
   15750  0.0000694  0.00000030 227.05 15829.0    7208   0.3
   15876  0.0000592  0.00000031 268.24 18715.9    8448   0.2
   16000  0.0000388  0.00000028 412.45 28800.8   12889   0.5
   16128  0.0000411  0.00000030 392.62 27438.8   12172   0.7
   16200  0.0000461  0.00000028 351.77 24595.0   10857   0.7
   16384  0.0000455  0.00000029 360.22 25215.3   10993   0.3
   16464  0.0000542  0.00000031 303.56 21260.1    9219   0.2
   16800  0.0000485  0.00000028 346.72 24333.0   10319   0.9
   16807  0.0001743  0.00000032  96.44  6768.4    2869   0.0
   16875  0.0001448  0.00000032 116.54  8182.5    3453   0.1
   17010  0.0000840  0.00000030 202.52 14231.3    5953   0.3
   17150  0.0000919  0.00000031 186.59 13122.9    5440   0.1
   17280  0.0000379  0.00000027 455.67 32072.2   13185   1.0
   17496  0.0000633  0.00000031 276.51 19486.5    7902   0.3
   17500  0.0000579  0.00000031 302.08 21289.5    8631   0.2
   17640  0.0000559  0.00000029 315.72 22268.7    8949   0.5
   17920  0.0000448  0.00000028 400.01 28259.3   11161   0.6
   18000  0.0000458  0.00000029 392.98 27775.0   10916   0.8
   18144  0.0000529  0.00000030 343.25 24280.0    9459   0.7
   18225  0.0001575  0.00000032 115.73  8189.9    3175   0.1
   18375  0.0001619  0.00000031 113.48  8037.8    3088   0.1
   18432  0.0000451  0.00000029 408.75 28959.6   11088   0.6
   18522  0.0001088  0.00000032 170.22 12065.8    4595   0.1
   18750  0.0000867  0.00000032 216.38 15356.8    5770   0.2
   18816  0.0000505  0.00000031 372.74 26464.3    9905   0.5
   18900  0.0000578  0.00000029 326.97 23224.8    8650   0.7
   19200  0.0000456  0.00000028 421.06 29955.6   10965   1.0
   19208  0.0000736  0.00000031 261.00 18569.3    6794   0.1
   19440  0.0000577  0.00000029 337.09 24012.1    8670   0.8
   19600  0.0000529  0.00000029 370.24 26395.7    9445   0.5
   19683  0.0002074  0.00000032  94.91  6769.4    2411   0.0
   19845  0.0001979  0.00000031 100.30  7159.4    2527   0.1
   20000  0.0000547  0.00000030 365.92 26140.8    9148   0.5
   20160  0.0000535  0.00000028 376.95 26950.6    9349   1.2
   20250  0.0001029  0.00000030 196.79 14076.0    4859   0.4
   20412  0.0000805  0.00000031 253.56 18151.1    6211   0.3
   20480  0.0000516  0.00000029 397.07 28433.8    9694   0.5
   20580  0.0000760  0.00000031 270.83 19403.8    6580   0.3
   20736  0.0000604  0.00000031 343.14 24602.8    8274   0.9
   21000  0.0000636  0.00000030 330.33 23714.6    7865   0.7
   21168  0.0000701  0.00000031 301.81 21684.7    7129   0.5
   21504  0.0000597  0.00000030 360.19 25920.0    8375   0.7
   21600  0.0000565  0.00000028 382.32 27524.6    8850   1.2
   21609  0.0002164  0.00000032  99.88  7190.8    2311   0.0
   21870  0.0001233  0.00000031 177.41 12788.3    4056   0.3
   21875  0.0002032  0.00000033 107.67  7761.3    2461   0.1
   21952  0.0000757  0.00000032 290.03 20914.1    6606   0.3
   22050  0.0001093  0.00000030 201.71 14552.1    4574   0.4
   22400  0.0000564  0.00000029 396.97 28683.7    8861   0.8
   22500  0.0000699  0.00000031 322.02 23278.2    7156   0.6
   22680  0.0000814  0.00000030 278.47 20145.7    6139   0.9
   23040  0.0000606  0.00000029 379.93 27529.4    8245   1.2
   23328  0.0000875  0.00000031 266.55 19337.6    5713   0.7
   23520  0.0000743  0.00000030 316.53 22982.8    6729   0.8
   23625  0.0002339  0.00000032 101.02  7338.1    2138   0.2
   23814  0.0001577  0.00000032 150.98 10975.9    3170   0.2
   24000  0.0000668  0.00000029 359.14 26128.5    7482   1.2
   24010  0.0001425  0.00000031 168.45 12256.2    3508   0.1
   24192  0.0000742  0.00000030 325.91 23730.2    6736   1.1
   24300  0.0000797  0.00000030 304.77 22200.5    6271   0.7
   24500  0.0000825  0.00000031 296.99 21651.2    6061   0.3
   24576  0.0000649  0.00000030 378.96 27635.7    7710   0.6
   24696  0.0000931  0.00000031 265.38 19362.3    5373   0.4
   25000  0.0000772  0.00000033 323.90 23660.3    6478   0.4
   25088  0.0000835  0.00000031 300.50 21958.9    5989   0.5
   25200  0.0000689  0.00000029 365.80 26742.3    7258   1.4
   25515  0.0002475  0.00000031 103.08  7545.0    2020   0.2
   25600  0.0000713  0.00000027 359.22 26301.8    7016   0.8
   25725  0.0002516  0.00000031 102.23  7488.9    1987   0.1
   25920  0.0000849  0.00000028 305.34 22384.0    5890   1.4
   26244  0.0001096  0.00000032 239.45 17575.3    4562   0.3
   26250  0.0001374  0.00000032 191.10 14026.8    3640   0.4
   26460  0.0000987  0.00000031 267.99 19685.7    5064   0.6
   26880  0.0000784  0.00000029 342.77 25218.3    6376   1.4
   27000  0.0000840  0.00000029 321.41 23656.7    5952   1.1
   27216  0.0000975  0.00000031 279.24 20568.8    5130   0.9
   27440  0.0001013  0.00000030 270.83 19965.8    4935   0.4
   27648  0.0000705  0.00000030 392.05 28923.2    7090   1.0
   27783  0.0002907  0.00000032  95.57  7054.2    1720   0.1
   28000  0.0000893  0.00000030 313.43 23151.9    5597   0.9
   28125  0.0002769  0.00000034 101.59  7507.1    1806   0.2
   28224  0.0000984  0.00000030 286.76 21197.9    5080   1.0
   28350  0.0001497  0.00000030 189.32 14001.3    3339   0.6
   28672  0.0000857  0.00000031 334.37 24755.9    5831   0.5
   28800  0.0000829  0.00000029 347.27 25721.9    6029   1.7
   28812  0.0001276  0.00000032 225.89 16731.8    3920   0.2
   29160  0.0001102  0.00000031 264.60 19622.2    4537   0.9
   29400  0.0001008  0.00000030 291.77 21654.2    4962   0.9
   30000  0.0000835  0.00000031 359.22 26712.8    5987   1.0
   30240  0.0000988  0.00000030 306.15 22783.9    5062   1.7
   30375  0.0002852  0.00000032 106.49  7928.9    1753   0.2
   30618  0.0001878  0.00000032 163.01 12146.0    2662   0.3
   30625  0.0003047  0.00000033 100.51  7489.3    1641   0.1
   30720  0.0000844  0.00000029 363.91 27123.8    5923   1.2
   30870  0.0001949  0.00000031 158.36 11809.1    2565   0.3
   31104  0.0000896  0.00000030 347.31 25917.5    5583   1.2
   31250  0.0001815  0.00000035 172.19 12855.1    2755   0.2
   31360  0.0001111  0.00000030 282.18 21073.9    4499   0.8
   31500  0.0000978  0.00000030 322.06 24062.5    5112   1.0
   31752  0.0001141  0.00000032 278.27 20807.4    4382   0.6
   32000  0.0000862  0.00000029 371.20 27776.5    5800   1.0
   32256  0.0000918  0.00000031 351.46 26319.7    5448   1.4
   32400  0.0000946  0.00000030 342.53 25662.1    5286   1.6
   32768  0.0000959  0.00000029 341.70 25627.9    5214   0.5
   32805  0.0003406  0.00000032  96.32  7224.4    1468   0.2
   32928  0.0001104  0.00000032 298.13 22370.2    4527   0.5
   33075  0.0003220  0.00000032 102.73  7711.7    1553   0.2
   33600  0.0001107  0.00000029 303.48 22815.5    4516   1.8
   33614  0.0001914  0.00000032 175.60 13202.3    2612   0.0
   33750  0.0001693  0.00000031 199.40 14997.1    2954   0.5
   34020  0.0001344  0.00000031 253.11 19051.6    3720   1.0
   34300  0.0001505  0.00000031 227.89 17166.8    3322   0.4
   34560  0.0001178  0.00000030 293.35 22113.6    4244   1.9
   34992  0.0001258  0.00000031 278.26 21001.0    3976   0.9
   35000  0.0001276  0.00000032 274.19 20694.6    3917   0.7
   35280  0.0001219  0.00000031 289.51 21867.3    4103   1.3
   35721  0.0003934  0.00000033  90.80  6866.7    1271   0.1
   35840  0.0001169  0.00000029 306.50 23185.9    4276   1.1
   36000  0.0000960  0.00000029 375.05 28383.1    5209   1.7
   36015  0.0003631  0.00000032  99.19  7506.5    1377   0.1
   36288  0.0001219  0.00000031 297.71 22547.1    4102   1.5
   36450  0.0002147  0.00000031 169.78 12864.2    2329   0.6
   36750  0.0002094  0.00000031 175.52 13309.1    2388   0.4
   36864  0.0001286  0.00000030 286.58 21737.0    3887   1.4
   37044  0.0001786  0.00000032 207.37 15736.4    2799   0.4
   37500  0.0001390  0.00000033 269.85 20501.3    3598   0.7
   37632  0.0001412  0.00000032 266.59 20260.0    3542   1.0
   37800  0.0001342  0.00000030 281.76 21422.4    3727   1.7
   38400  0.0001153  0.00000029 333.16 25368.0    4338   1.8
   38416  0.0001544  0.00000032 248.78 18944.0    3238   0.2
   38880  0.0001337  0.00000030 290.82 22170.5    3740   1.8
   39200  0.0001433  0.00000030 273.46 20863.0    3488   1.1
   39366  0.0002812  0.00000033 139.99 10684.2    1778   0.2
   39375  0.0004006  0.00000033  98.28  7501.2    1248   0.3
   39690  0.0002349  0.00000032 169.00 12908.6    2129   0.5
   40000  0.0001257  0.00000031 318.32 24331.9    3979   1.1
   40320  0.0001305  0.00000031 308.93 23632.1    3831   2.4
   40500  0.0001572  0.00000030 257.66 19718.3    3181   1.2
   40824  0.0001836  0.00000032 222.41 17033.3    2724   1.0
   40960  0.0001444  0.00000030 283.69 21733.3    3463   0.9
   41160  0.0001686  0.00000031 244.16 18713.7    2966   0.8
   41472  0.0001338  0.00000032 309.96 23773.8    3737   1.6
   42000  0.0001414  0.00000030 297.02 22808.6    3536   1.7
   42336  0.0001521  0.00000031 278.40 21394.6    3288   1.2
   42525  0.0004352  0.00000032  97.72  7512.9    1149   0.4
   42875  0.0004533  0.00000032  94.58  7277.1    1103   0.1
   43008  0.0001397  0.00000031 307.85 23692.7    3579   1.3
   43200  0.0001386  0.00000029 311.73 24001.3    3608   2.5
   43218  0.0002734  0.00000033 158.09 12172.5    1829   0.2
   43740  0.0001801  0.00000032 242.84 18719.3    2776   1.0
   43750  0.0002565  0.00000034 170.54 13145.9    1949   0.3
   43904  0.0001640  0.00000033 267.73 20644.5    3049   0.6
   44100  0.0001684  0.00000031 261.95 20207.8    2970   1.2
   44800  0.0001340  0.00000030 334.39 25833.4    3732   1.6
   45000  0.0001526  0.00000031 294.93 22794.6    3277   1.5
   45360  0.0001649  0.00000031 275.06 21274.9    3032   2.2
   45927  0.0005208  0.00000033  88.18  6828.2     960   0.2
   46080  0.0001412  0.00000029 326.34 25277.9    3541   2.3
   46305  0.0004562  0.00000032 101.50  7865.7    1096   0.2
   46656  0.0001729  0.00000031 269.86 20927.2    2892   1.6
   46875  0.0004873  0.00000035  96.19  7462.5    1026   0.2
   47040  0.0001553  0.00000030 302.84 23503.1    3219   1.6
   47250  0.0002550  0.00000031 185.31 14387.8    1961   1.0
   47628  0.0002223  0.00000033 214.23 16645.2    2249   0.7
   48000  0.0001499  0.00000029 320.26 24901.1    3336   2.2
   48020  0.0002190  0.00000032 219.26 17048.9    2283   0.4
   48384  0.0001638  0.00000032 295.43 22988.0    3053   2.2
   48600  0.0001913  0.00000030 254.08 19778.5    2614   1.9
   49000  0.0001825  0.00000032 268.52 20918.4    2740   0.9
   49152  0.0001710  0.00000031 287.44 22398.8    2924   1.1
   49392  0.0002032  0.00000032 243.11 18952.6    2461   0.9
   50000  0.0001707  0.00000033 292.90 22860.3    2929   0.9
   50176  0.0001932  0.00000032 259.71 20276.6    2588   1.0
   50400  0.0001728  0.00000030 291.72 22784.6    2894   2.9
   50421  0.0006211  0.00000034  81.18  6340.7     805   0.1
   50625  0.0005382  0.00000034  94.06  7349.7     929   0.3
   51030  0.0003058  0.00000032 166.87 13048.3    1635   0.8
   51200  0.0001645  0.00000028 311.19 24341.3    3039   1.4
   51450  0.0003025  0.00000032 170.09 13310.6    1653   0.5
   51840  0.0001724  0.00000030 300.78 23553.4    2901   2.8
   52488  0.0002327  0.00000032 225.59 17686.2    2149   0.9
   52500  0.0001996  0.00000032 263.02 20621.2    2505   1.2
   52920  0.0002064  0.00000031 256.45 20120.5    2423   1.5
   53760  0.0001695  0.00000030 317.18 24921.5    2950   2.6
   54000  0.0001765  0.00000030 305.96 24049.8    2833   2.4
   54432  0.0002042  0.00000032 266.50 20963.0    2448   1.9
   54675  0.0005855  0.00000033  93.38  7348.7     854   0.4
   54880  0.0002320  0.00000031 236.53 18619.9    2155   1.0
   55125  0.0006090  0.00000033  90.52  7128.3     821   0.4
   55296  0.0001832  0.00000031 301.81 23774.6    2729   1.9
   55566  0.0003852  0.00000033 144.25 11368.2    1298   0.4
   56000  0.0001928  0.00000030 290.53 22912.7    2594   1.9
   56250  0.0003463  0.00000033 162.45 12817.0    1444   0.8
   56448  0.0002130  0.00000033 264.97 20912.0    2347   2.1
   56700  0.0002266  0.00000031 250.27 19760.4    2207   2.0
   57344  0.0002083  0.00000031 275.25 21755.0    2400   1.0
   57600  0.0001936  0.00000030 297.45 23518.8    2582   3.3
   57624  0.0002451  0.00000032 235.11 18590.3    2040   0.5
   58320  0.0002113  0.00000031 275.97 21845.4    2366   2.3
   58800  0.0002016  0.00000031 291.65 23103.7    2480   2.0
   59049  0.0006702  0.00000034  88.10  6981.8     746   0.1
   59535  0.0006477  0.00000033  91.92  7290.1     772   0.3
   60000  0.0002087  0.00000031 287.52 22818.6    2396   2.1
   60025  0.0006242  0.00000033  96.16  7631.9     801   0.1
   60480  0.0001962  0.00000031 308.33 24487.6    2549   3.6
   60750  0.0003455  0.00000031 175.81 13968.7    1447   1.0
   61236  0.0002616  0.00000033 234.04 18608.9    1911   1.0
   61250  0.0003660  0.00000033 167.34 13305.2    1366   0.5
   61440  0.0002035  0.00000031 301.92 24012.7    2457   2.3
   61740  0.0002830  0.00000032 218.19 17361.2    1767   1.1
   62208  0.0002234  0.00000032 278.44 22170.8    2238   2.4
   62500  0.0002622  0.00000035 238.38 18988.4    1907   0.6
   62720  0.0002109  0.00000031 297.42 23699.2    2371   1.6
   63000  0.0002270  0.00000031 277.58 22127.2    2203   2.7
   63504  0.0002682  0.00000032 236.74 18885.6    1864   1.6
   64000  0.0002108  0.00000030 303.62 24237.3    2372   1.8
   64512  0.0002236  0.00000032 288.50 23047.0    2236   2.6
   64800  0.0002272  0.00000030 285.25 22796.7    2201   3.4
   64827  0.0007764  0.00000034  83.50  6673.2     644   0.1
   65536  0.0002420  0.00000030 270.79 21663.6    2066   1.1
   65610  0.0004198  0.00000033 156.28 12503.9    1191   0.8
   65625  0.0007321  0.00000034  89.64  7172.4     683   0.4
   65856  0.0002538  0.00000033 259.47 20766.9    1970   1.2
   66150  0.0003937  0.00000032 168.02 13453.0    1270   1.1
   67200  0.0002390  0.00000031 281.16 22544.0    2092   3.6
   67228  0.0003521  0.00000034 190.93 15309.3    1420   0.2
   67500  0.0002573  0.00000032 262.30 21040.3    1943   1.8
   68040  0.0002719  0.00000032 250.25 20087.8    1839   2.6
   68600  0.0002825  0.00000032 242.84 19507.6    1770   1.0
   69120  0.0002535  0.00000031 272.61 21913.4    1972   3.6
   69984  0.0002955  0.00000032 236.83 19058.2    1692   2.1
   70000  0.0002608  0.00000032 268.38 21598.0    1917   1.7
   70560  0.0002518  0.00000031 280.26 22570.5    1986   2.6
   70875  0.0007728  0.00000034  91.71  7388.8     647   0.7
   71442  0.0004836  0.00000034 147.74 11911.3    1034   0.6
   71680  0.0002611  0.00000031 274.53 22140.2    1915   2.1
   72000  0.0002371  0.00000031 303.70 24501.8    2109   3.7
   72030  0.0004730  0.00000032 152.27 12285.5    1057   0.5
   72576  0.0002746  0.00000032 264.32 21340.3    1821   3.2
   72900  0.0003010  0.00000032 242.17 19559.9    1661   2.1
   73500  0.0002952  0.00000032 249.02 20127.5    1694   1.5
   73728  0.0002459  0.00000033 299.78 24236.9    2033   2.4
   74088  0.0003406  0.00000033 217.52 17594.2    1468   1.0
   75000  0.0002815  0.00000034 266.40 21571.2    1776   1.9
   75264  0.0003071  0.00000033 245.06 19849.4    1628   2.0
   75600  0.0002843  0.00000031 265.96 21550.9    1759   4.0
   76545  0.0008278  0.00000033  92.47  7500.9     604   0.5
   76800  0.0002579  0.00000030 297.83 24167.2    1939   3.3
   76832  0.0003425  0.00000034 224.35 18205.3    1460   0.7
   77175  0.0008772  0.00000033  87.98  7142.1     570   0.4
   77760  0.0002851  0.00000031 272.78 22159.1    1754   4.0
   78125  0.0008929  0.00000037  87.50  7110.9     560   0.2
   78400  0.0002887  0.00000031 271.58 22077.3    1732   2.6
   78732  0.0003876  0.00000034 203.13 16519.1    1290   1.0
   78750  0.0004845  0.00000033 162.54 13218.6    1032   1.5
   79380  0.0003794  0.00000032 209.25 17028.9    1318   1.8
   80000  0.0002595  0.00000032 308.32 25109.1    1927   2.3
   80640  0.0002695  0.00000032 299.17 24381.5    1855   4.9
   81000  0.0002902  0.00000031 279.13 22756.6    1723   3.1
   81648  0.0003487  0.00000033 234.17 19104.6    1434   2.5
   81920  0.0002927  0.00000031 279.84 22837.5    1708   1.8
   82320  0.0003546  0.00000032 232.14 18953.2    1410   2.0
   82944  0.0002941  0.00000033 282.01 23040.0    1700   3.3
   83349  0.0010776  0.00000035  77.35  6322.0     464   0.2
   84000  0.0002761  0.00000031 304.25 24884.6    1811   3.9
   84035  0.0010799  0.00000034  77.82  6364.9     463   0.1
   84375  0.0009542  0.00000035  88.43  7235.2     524   0.6
   84672  0.0003272  0.00000032 258.76 21178.8    1528   2.7
   85050  0.0005371  0.00000032 158.36 12966.8     931   1.8
   85750  0.0005794  0.00000033 148.00 12127.4     863   0.5
   86016  0.0003270  0.00000032 263.04 21558.9    1529   2.6
   86400  0.0003056  0.00000030 282.70 23179.7    1636   5.1
   86436  0.0004230  0.00000034 204.33 16754.8    1182   0.8
   87480  0.0003959  0.00000032 220.97 18138.3    1263   2.7
   87500  0.0003906  0.00000034 224.00 18387.0    1280   1.2
   87808  0.0003658  0.00000034 240.07 19712.0    1367   1.2
   88200  0.0003559  0.00000032 247.84 20358.4    1405   3.3
   89600  0.0003139  0.00000030 285.47 23481.3    1593   3.1
   90000  0.0003228  0.00000032 278.82 22943.6    1549   3.8
   90720  0.0003501  0.00000031 259.10 21335.5    1428   5.0
   91125  0.0010163  0.00000034  89.67  7386.6     492   0.6
   91854  0.0006935  0.00000034 132.45 10918.8     721   0.8
   91875  0.0010246  0.00000034  89.67  7392.1     488   0.5
   92160  0.0003119  0.00000031 295.46 24363.8    1603   4.3
   92610  0.0006135  0.00000033 150.95 12452.9     815   1.0
   93312  0.0003674  0.00000032 254.00 20967.0    1361   3.6
   93750  0.0006075  0.00000036 154.31 12743.5     823   1.0
   94080  0.0003762  0.00000032 250.06 20657.3    1329   3.3
   94500  0.0003925  0.00000032 240.79 19898.6    1274   3.3
   95256  0.0004717  0.00000033 201.94 16700.2    1060   1.9
   96000  0.0003344  0.00000031 287.04 23753.6    1495   4.2
   96040  0.0004405  0.00000032 218.01 18041.9    1135   1.0
   96768  0.0003720  0.00000033 260.11 21540.2    1344   4.2
   97200  0.0003776  0.00000031 257.39 21322.7    1324   4.5
   98000  0.0003858  0.00000032 254.02 21058.6    1296   2.1
   98304  0.0003660  0.00000032 268.57 22270.8    1366   2.2
   98415  0.0010823  0.00000034  90.94  7541.5     462   0.5
   98784  0.0004003  0.00000033 246.76 20471.4    1249   2.0
   99225  0.0011111  0.00000034  89.30  7411.4     450   0.7
  100000  0.0003320  0.00000034 301.20 25014.1    1506   2.1
  100352  0.0003808  0.00000033 263.52 21891.9    1313   2.2
  100800  0.0003429  0.00000031 293.93 24427.5    1458   6.3
  100842  0.0007576  0.00000034 133.11 11062.7     660   0.3
  101250  0.0005741  0.00000032 176.38 14663.6     871   1.7
  102060  0.0004831  0.00000033 211.26 17576.2    1035   2.9
  102400  0.0003608  0.00000031 283.85 23622.0    1386   3.0
  102900  0.0004634  0.00000032 222.06 18487.3    1079   1.8
  103680  0.0003956  0.00000031 262.10 21835.5    1264   5.6
  104976  0.0004263  0.00000033 246.27 20538.9    1173   2.7
  105000  0.0004132  0.00000033 254.10 21192.0    1210   3.4
  105840  0.0004006  0.00000032 264.18 22047.6    1248   3.5
  107163  0.0014368  0.00000035  74.59  6231.4     348   0.4
  107520  0.0003840  0.00000031 279.98 23398.4    1302   5.2
  108000  0.0004019  0.00000031 268.70 22464.6    1244   5.5
  108045  0.0012690  0.00000034  85.14  7118.2     394   0.4
  108864  0.0004448  0.00000032 244.73 20474.0    1124   4.7
  109350  0.0007174  0.00000033 152.43 12757.6     697   1.9
  109375  0.0012346  0.00000037  88.59  7414.8     405   0.4
  109760  0.0004244  0.00000033 258.59 21649.5    1178   2.0
  110250  0.0007215  0.00000033 152.81 12797.9     693   1.7
  110592  0.0003900  0.00000033 283.56 23754.9    1282   3.6
  111132  0.0005814  0.00000034 191.15 16020.0     860   1.2
  112000  0.0004263  0.00000031 262.75 22035.9    1173   3.8
  112500  0.0004348  0.00000034 258.75 21708.6    1150   2.7
  112896  0.0004333  0.00000033 260.56 21867.4    1154   4.6
  113400  0.0004690  0.00000032 241.77 20297.8    1066   5.2
  114688  0.0004708  0.00000032 243.60 20471.1    1062   2.0
  115200  0.0003639  0.00000030 316.57 26613.7    1374   6.7
  115248  0.0005507  0.00000034 209.29 17595.4     908   1.4
  116640  0.0004570  0.00000032 255.21 21478.0    1094   5.3
  117600  0.0004798  0.00000032 245.08 20639.9    1042   4.3
  117649  0.0015432  0.00000035  76.24  6420.7     324   0.1
  118098  0.0008913  0.00000035 132.51 11163.4     561   0.8
  118125  0.0013889  0.00000034  85.05  7165.4     360   1.1
  119070  0.0008052  0.00000033 147.88 12467.8     621   1.6
  120000  0.0004550  0.00000032 263.76 22251.7    1099   4.7
  120050  0.0008772  0.00000033 136.86 11546.1     570   0.7
  120960  0.0004216  0.00000031 286.92 24221.8    1186   7.7
  121500  0.0005176  0.00000032 234.74 19824.3     966   3.6
  122472  0.0006173  0.00000034 198.40 16767.3     810   2.9
  122500  0.0005727  0.00000034 213.88 18075.9     873   1.6
  122880  0.0004325  0.00000032 284.10 24016.1    1156   4.4
  123480  0.0005525  0.00000033 223.50 18901.2     905   2.8
  124416  0.0004822  0.00000032 258.04 21836.3    1037   4.7
  125000  0.0005263  0.00000036 237.50 20106.2     950   1.9
  125440  0.0005035  0.00000032 249.12 21096.6     993   3.0
  126000  0.0005102  0.00000032 246.96 20921.3     980   6.4
  127008  0.0005727  0.00000034 221.76 18798.9     873   4.1
  127575  0.0014706  0.00000035  86.75  7356.9     340   1.2
  128000  0.0004270  0.00000031 299.78 25429.7    1171   3.5
  128625  0.0014706  0.00000034  87.46  7422.6     340   0.6
  129024  0.0004785  0.00000033 269.66 22890.5    1045   5.0
  129600  0.0004604  0.00000031 281.49 23903.8    1086   7.9
  129654  0.0009881  0.00000035 131.21 11142.5     506   0.7
  131072  0.0004850  0.00000031 270.27 22973.0    1031   2.1
  131220  0.0005945  0.00000033 220.71 18762.3     841   3.0
  131250  0.0008945  0.00000035 146.74 12474.1     559   1.9
  131712  0.0005371  0.00000034 245.25 20854.7     931   2.5
  132300  0.0005974  0.00000032 221.47 18839.9     837   3.7
  134400  0.0005051  0.00000031 266.11 22667.7     990   7.4
  134456  0.0007184  0.00000034 187.16 15943.2     696   0.6
  135000  0.0005531  0.00000032 244.08 20798.8     904   5.0
  136080  0.0005599  0.00000032 243.04 20724.0     893   6.5
  137200  0.0005325  0.00000032 257.66 21986.2     939   2.4
  137781  0.0018587  0.00000035  74.13  6327.4     269   0.5
  138240  0.0004965  0.00000032 278.42 23772.2    1007   7.1
  138915  0.0016611  0.00000034  83.63  7143.3     301   0.6
  139968  0.0005794  0.00000033 241.58 20649.1     863   4.8
  140000  0.0005394  0.00000033 259.56 22186.0     927   3.8
  140625  0.0016393  0.00000037  85.78  7334.9     305   0.8
  141120  0.0005005  0.00000032 281.96 24116.6     999   5.8
  141750  0.0009208  0.00000032 153.94 13171.9     543   3.1
  142884  0.0007440  0.00000035 192.04 16442.6     672   2.1
  143360  0.0005701  0.00000032 251.45 21536.1     877   4.1
  144000  0.0005365  0.00000031 268.42 22997.5     932   7.8
  144060  0.0007564  0.00000034 190.45 16317.8     661   2.0
  145152  0.0006010  0.00000033 241.53 20708.1     832   6.6
  145800  0.0006579  0.00000032 221.62 19007.6     760   5.8
  147000  0.0005767  0.00000033 254.90 21877.2     867   3.7
  147456  0.0005441  0.00000031 271.02 23267.3     919   4.9
  148176  0.0006831  0.00000034 216.93 18631.0     732   2.6
  150000  0.0005308  0.00000034 282.60 24296.0     942   4.7
  150528  0.0005889  0.00000034 255.60 21980.9     849   3.9
  151200  0.0005695  0.00000032 265.51 22841.7     878   9.1
  151263  0.0019305  0.00000036  78.35  6741.1     259   0.3
  151875  0.0017668  0.00000035  85.96  7398.1     283   1.1
  153090  0.0010823  0.00000034 141.46 12182.1     462   2.5
  153125  0.0017921  0.00000036  85.44  7358.6     279   0.5
  153600  0.0005441  0.00000031 282.32 24319.9     919   6.5
  153664  0.0007728  0.00000034 198.84 17129.6     647   1.9
  154350  0.0009901  0.00000033 155.89 13434.8     505   2.1
  155520  0.0006519  0.00000031 238.57 20572.6     767   8.3
  156250  0.0011547  0.00000038 135.31 11673.1     433   0.9
  156800  0.0005959  0.00000032 263.11 22704.5     839   5.5
  157464  0.0007987  0.00000035 197.14 17018.2     626   3.0
  157500  0.0006720  0.00000033 234.36 20231.1     744   5.0
  158760  0.0007610  0.00000033 208.61 18020.3     657   4.7
  160000  0.0005952  0.00000032 268.80 23234.7     840   4.7
  161280  0.0006024  0.00000032 267.72 23157.1     830   9.5
  162000  0.0006112  0.00000033 265.03 22932.7     818   7.5
  163296  0.0007364  0.00000034 221.76 19200.9     679   5.9
  163840  0.0005995  0.00000032 273.29 23669.1     834   3.6
  164025  0.0019455  0.00000035  84.31  7302.6     257   1.1
  164640  0.0007519  0.00000033 218.97 18972.7     665   4.2
  165375  0.0019455  0.00000034  85.00  7367.8     257   1.2
  165888  0.0006596  0.00000034 251.49 21803.7     758   6.6
  166698  0.0012346  0.00000035 135.03 11711.3     405   1.0
  168000  0.0006105  0.00000032 275.18 23883.4     819   8.6
  168070  0.0013477  0.00000034 124.71 10823.8     371   0.7
  168750  0.0011312  0.00000034 149.17 12951.8     442   2.8
  169344  0.0007184  0.00000035 235.73 20472.4     696   5.7
  170100  0.0007987  0.00000033 212.97 18502.4     626   6.1
  171500  0.0009009  0.00000034 190.36 16550.2     555   1.9
  172032  0.0007052  0.00000034 243.94 21213.5     709   5.2
  172800  0.0006313  0.00000031 273.72 23811.5     792  10.5
  172872  0.0008850  0.00000035 195.35 16994.4     565   2.3
  174960  0.0008197  0.00000033 213.45 18588.0     610   7.1
  175000  0.0007874  0.00000035 222.25 19354.6     635   3.4
  175616  0.0007407  0.00000035 237.08 20652.3     675   2.4
  176400  0.0006993  0.00000032 252.25 21981.9     715   8.1
  177147  0.0024752  0.00000036  71.57  6238.7     202   0.4
  178605  0.0022727  0.00000035  78.59  6855.2     220   1.0
  179200  0.0006916  0.00000031 259.12 22610.1     723   6.1
  180000  0.0007072  0.00000033 254.52 22216.6     707   8.8
  180075  0.0022831  0.00000034  78.87  6884.9     219   0.8
  181440  0.0007924  0.00000032 228.98 20000.2     631  11.4
  182250  0.0012107  0.00000033 150.54 13153.7     413   3.4
  183708  0.0010246  0.00000035 179.30 15677.1     488   3.2
  183750  0.0012723  0.00000034 144.43 12628.3     393   2.4
  184320  0.0007194  0.00000033 256.20 22407.5     695   8.7
  185220  0.0008757  0.00000034 211.52 18506.9     571   3.5
  186624  0.0007849  0.00000033 237.76 20815.5     637   7.8
  187500  0.0008183  0.00000036 229.12 20067.4     611   3.5
  188160  0.0007396  0.00000033 254.39 22286.8     676   6.5
  189000  0.0008052  0.00000033 234.74 20572.5     621   8.8
  190512  0.0008897  0.00000035 214.14 18779.2     562   4.7
  192000  0.0007321  0.00000031 262.27 23015.3     683   8.3
  192080  0.0008183  0.00000034 234.72 20598.4     611   2.5
  193536  0.0007440  0.00000034 260.11 22840.8     672   8.3
  194400  0.0007911  0.00000032 245.72 21585.0     632  10.3
  194481  0.0026455  0.00000036  73.51  6457.9     189   0.5
  196000  0.0008651  0.00000033 226.58 19916.6     578   4.7
  196608  0.0008000  0.00000033 245.76 21608.4     625   4.6
  196830  0.0014451  0.00000035 136.21 11977.0     346   2.5
  196875  0.0024272  0.00000036  81.11  7132.6     206   1.6
  197568  0.0009025  0.00000036 218.91 19254.9     554   4.6
  198450  0.0013193  0.00000034 150.43 13236.2     379   3.5
  200000  0.0006897  0.00000035 290.00 25534.0     725   4.8
  200704  0.0008117  0.00000034 247.27 21777.7     616   4.5
  201600  0.0008347  0.00000032 241.52 21279.0     599  13.2
  201684  0.0011086  0.00000035 181.92 16028.6     451   1.3
  202500  0.0008897  0.00000033 227.61 20061.0     562   5.9
  204120  0.0010246  0.00000034 199.22 17570.4     488   8.0
  204800  0.0008091  0.00000031 253.13 22331.2     618   6.0
  205800  0.0009346  0.00000033 220.21 19434.2     535   4.9
  207360  0.0008993  0.00000033 230.58 20362.6     556  11.8
  209952  0.0010730  0.00000034 195.68 17297.4     466   7.1
  210000  0.0008834  0.00000033 237.72 21014.5     566   8.4
  211680  0.0010163  0.00000033 208.29 18425.1     492   8.2
  212625  0.0026882  0.00000035  79.10  6999.2     186   2.2
  214326  0.0018868  0.00000036 113.59 10058.3     265   1.8
  214375  0.0026596  0.00000036  80.61  7137.5     188   0.6
  215040  0.0008264  0.00000032 260.20 23046.1     605  10.3
  216000  0.0008547  0.00000032 252.72 22391.8     585  11.9
  216090  0.0015723  0.00000034 137.43 12177.5     318   2.2
  217728  0.0009398  0.00000035 231.66 20539.4     532  10.0
  218700  0.0010753  0.00000033 203.39 18039.4     465   6.3
  218750  0.0015480  0.00000038 141.31 12533.7     323   1.8
  219520  0.0010040  0.00000034 218.64 19397.9     498   4.2
  220500  0.0010142  0.00000033 217.41 19295.9     493   5.8
  221184  0.0008726  0.00000034 253.48 22502.3     573   7.5
  222264  0.0011521  0.00000035 192.93 17133.6     434   3.4
  224000  0.0008772  0.00000032 255.36 22692.7     570   7.7
  225000  0.0009980  0.00000034 225.45 20042.0     501   7.4
  225792  0.0009242  0.00000034 244.31 21724.5     541   9.3
  226800  0.0009579  0.00000033 236.78 21062.8     522  12.9
  229376  0.0009158  0.00000033 250.48 22301.8     546   4.0
  229635  0.0029586  0.00000035  77.62  6911.4     169   1.6
  230400  0.0008547  0.00000031 269.57 24010.1     585  13.1
  230496  0.0011364  0.00000036 202.84 18067.0     440   3.4
  231525  0.0028571  0.00000035  81.03  7220.4     175   1.4
  233280  0.0010352  0.00000033 225.35 20091.7     483  11.8
  234375  0.0029762  0.00000038  78.75  7023.9     168   1.1
  235200  0.0010309  0.00000032 228.14 20354.5     485  10.0
  235298  0.0020243  0.00000035 116.24 10370.8     247   0.4
  236196  0.0013369  0.00000036 176.67 15767.9     374   3.2
  236250  0.0015723  0.00000034 150.26 13410.2     318   5.1
  238140  0.0012690  0.00000034 187.65 16758.9     394   5.2
  240000  0.0009328  0.00000033 257.28 22991.4     536  10.3
  240100  0.0012255  0.00000034 195.92 17508.8     408   2.5
  241920  0.0009980  0.00000034 242.40 21676.0     501  15.7
  243000  0.0011038  0.00000033 220.16 19693.8     453   9.7
  244944  0.0012165  0.00000035 201.34 18022.4     411   7.6
  245000  0.0011416  0.00000035 214.62 19211.1     438   4.8
  245760  0.0009940  0.00000032 247.23 22136.0     503   8.9
  246960  0.0011416  0.00000034 216.34 19377.2     438   6.7
  248832  0.0010040  0.00000034 247.84 22212.1     498   9.7
  250000  0.0009921  0.00000037 252.00 22593.8     504   4.9
  250047  0.0032895  0.00000036  76.01  6815.4     152   0.7
  250880  0.0010593  0.00000033 236.83 21239.7     472   6.0
  252000  0.0010417  0.00000032 241.92 21703.9     480  14.5
  252105  0.0031056  0.00000035  81.18  7283.1     161   0.7
  253125  0.0030303  0.00000037  83.53  7496.7     165   1.8
  254016  0.0011494  0.00000034 220.99 19839.2     435   9.7
  255150  0.0018315  0.00000034 139.31 12510.9     273   5.6
  256000  0.0010163  0.00000031 251.90 22628.3     492   7.0
  257250  0.0018450  0.00000034 139.43 12529.7     271   2.8
  258048  0.0010482  0.00000034 246.18 22128.0     477   9.7
  259200  0.0011013  0.00000032 235.35 21162.7     454  16.6
  259308  0.0014663  0.00000035 176.85 15902.4     341   2.5
  262144  0.0011442  0.00000032 229.11 20620.2     437   4.6
  262440  0.0013850  0.00000034 189.48 17054.9     361   8.6
  262500  0.0013193  0.00000035 198.97 17909.7     379   6.7
  263424  0.0012019  0.00000035 219.17 19732.9     416   5.1
  264600  0.0012953  0.00000033 204.27 18398.1     386   9.8
  268800  0.0010776  0.00000032 249.45 22495.3     464  14.6
  268912  0.0014409  0.00000035 186.62 16830.6     347   1.8
  270000  0.0010730  0.00000033 251.64 22701.2     466  12.0
  272160  0.0012690  0.00000034 214.46 19359.6     394  15.2
  273375  0.0034247  0.00000035  79.83  7208.5     146   2.0
  274400  0.0012107  0.00000033 226.65 20473.6     413   5.5
  275562  0.0021930  0.00000036 125.66 11354.3     228   2.6
  275625  0.0033784  0.00000036  81.58  7372.2     148   1.9
  276480  0.0011261  0.00000033 245.51 22190.6     444  14.2
  277830  0.0021645  0.00000035 128.36 11606.0     231   3.2
  279936  0.0013514  0.00000036 207.15 18741.9     370  11.2
  280000  0.0012469  0.00000034 224.56 20317.1     401   8.7
  281250  0.0020000  0.00000036 140.62 12727.6     250   4.3
  282240  0.0013587  0.00000034 207.73 18806.3     368  12.3
  283500  0.0013699  0.00000034 206.95 18742.9     365  10.5
  285768  0.0044248  0.00000035  64.58  5852.7     113   0.3
  286720  0.0011287  0.00000032 254.03 23027.3     443   8.1
  288000  0.0011962  0.00000032 240.77 21832.5     418  16.0
  288120  0.0014327  0.00000034 201.11 18236.8     349   5.4
  290304  0.0013123  0.00000035 221.21 20071.9     381  13.3
  291600  0.0038760  0.00000032  75.23  6828.7     129   0.6
  294000  0.0011905  0.00000033 246.96 22430.7     420   9.1
  294912  0.0033333  0.00000034  88.47  8037.8     150   0.9
  295245  0.0039370  0.00000036  74.99  6813.6     127   1.5
  296352  0.0013850  0.00000035 213.97 19446.3     361   6.0
  297675  0.0037879  0.00000035  78.59  7144.8     132   2.4
  300000  0.0012887  0.00000034 232.80 21178.5     388  10.7
  300125  0.0037594  0.00000036  79.83  7262.9     133   0.8
  301056  0.0014045  0.00000036 214.35 19505.7     356   7.9
  302400  0.0013477  0.00000032 224.38 20425.5     371  20.9
  302526  0.0025253  0.00000036 119.80 10905.8     198   1.6
  303750  0.0020408  0.00000034 148.84 13553.5     245   5.4
  306180  0.0016026  0.00000035 191.06 17409.1     312   9.1
  306250  0.0023474  0.00000037 130.46 11888.0     213   2.4
  307200  0.0011338  0.00000033 270.95 24695.5     441  13.4
  307328  0.0040000  0.00000035  76.83  7003.0     125   0.7
  308700  0.0016667  0.00000034 185.22 16888.2     300   7.0
  311040  0.0013587  0.00000033 228.93 20885.7     368  17.3
  312500  0.0015385  0.00000039 203.12 18538.7     325   3.4
  313600  0.0037037  0.00000032  84.67  7729.9     135   1.1
  314928  0.0016779  0.00000035 187.70 17141.1     298   8.2
  315000  0.0015576  0.00000034 202.23 18468.6     321  13.3
  317520  0.0015625  0.00000034 203.21 18570.1     320  11.5
  320000  0.0036496  0.00000032  87.68  8017.3     137   0.8
  321489  0.0042373  0.00000036  75.87  6940.1     118   1.1
  322560  0.0012853  0.00000033 250.95 22961.1     389  19.4
  324000  0.0013812  0.00000033 234.58 21470.3     362  17.2
  324135  0.0040000  0.00000035  81.03  7417.1     125   1.4
  326592  0.0016393  0.00000035 199.22 18245.8     305  13.9
  327680  0.0014368  0.00000032 228.07 20893.0     348   7.5
  328050  0.0024390  0.00000035 134.50 12322.6     205   5.8
  328125  0.0043103  0.00000037  76.12  6974.5     116   2.1
  329280  0.0016181  0.00000034 203.50 18649.3     309   9.4
  330750  0.0023474  0.00000034 140.90 12917.2     213   5.6
  331776  0.0037594  0.00000034  88.25  8092.7     133   1.4
  333396  0.0020080  0.00000036 166.03 15230.8     249   3.6
  336000  0.0015528  0.00000033 216.38 19862.0     322  18.6
  336140  0.0017921  0.00000035 187.57 17217.4     279   2.6
  337500  0.0015106  0.00000035 223.43 20515.5     331   9.5
  338688  0.0014409  0.00000035 235.05 21588.8     347  12.2
  340200  0.0017857  0.00000033 190.51 17504.3     280  16.5
  343000  0.0018657  0.00000035 183.85 16902.8     268   5.0
  344064  0.0015152  0.00000035 227.08 20882.8     330  10.4
  345600  0.0014577  0.00000033 237.08 21810.0     343  20.6
  345744  0.0048544  0.00000035  71.22  6552.3     103   0.4
  349920  0.0016835  0.00000034 207.85 19139.8     297  16.1
  350000  0.0015106  0.00000036 231.70 21336.1     331   8.4
  351232  0.0017921  0.00000035 195.99 18052.5     279   4.8
  352800  0.0045045  0.00000032  78.32  7216.7     111   0.9
  352947  0.0054945  0.00000037  64.24  5919.1      91   0.5
  354294  0.0030488  0.00000037 116.21 10711.3     164   2.5
  354375  0.0043860  0.00000036  80.80  7447.5     114   3.6
  357210  0.0027933  0.00000035 127.88 11794.7     179   4.9
  358400  0.0015480  0.00000032 231.53 21359.7     323  12.3
  360000  0.0042373  0.00000032  84.96  7840.8     118   1.3
  360150  0.0028090  0.00000035 128.21 11833.0     178   3.8
  362880  0.0016447  0.00000034 220.63 20374.3     304  24.0
  364500  0.0017857  0.00000034 204.12 18856.2     280  11.3
  367416  0.0021008  0.00000036 174.89 16166.0     238   9.2
  367500  0.0018382  0.00000035 199.92 18480.0     272   8.1
  368640  0.0017065  0.00000033 216.02 19973.3     293  17.3
  370440  0.0020000  0.00000035 185.22 17131.8     250   9.2
  373248  0.0047170  0.00000033  79.13  7323.3     106   1.1
  375000  0.0019084  0.00000037 196.50 18192.5     262   9.9
  376320  0.0017065  0.00000034 220.52 20422.2     293  13.1
  378000  0.0015480  0.00000033 244.19 22621.6     323  21.7
  381024  0.0019841  0.00000035 192.04 17801.3     252  11.4
  382725  0.0049020  0.00000036  78.08  7240.0     102   3.7
  384000  0.0016835  0.00000032 228.10 21156.8     297  17.3
  384160  0.0019608  0.00000035 195.92 18173.0     255   6.2
  385875  0.0051546  0.00000036  74.86  6946.2      97   2.3
  387072  0.0017606  0.00000034 219.86 20405.2     284  16.9
  388800  0.0017544  0.00000033 221.62 20575.6     285  23.5
  388962  0.0034247  0.00000036 113.58 10545.2     146   2.3
  390625  0.0053763  0.00000041  72.66  6748.1      93   0.9
  392000  0.0018587  0.00000034 210.90 19592.8     269  10.8
  393216  0.0018450  0.00000034 213.12 19804.4     271   9.4
  393660  0.0024155  0.00000035 162.98 15145.8     207   9.5
  393750  0.0029240  0.00000036 134.66 12514.8     171   7.9
  395136  0.0019685  0.00000037 200.73 18659.8     254  10.0
  396900  0.0071429  0.00000034  55.57  5167.2      70   0.2
  400000  0.0017730  0.00000035 225.60 20991.7     282  10.8
  401408  0.0048544  0.00000035  82.69  7696.3     103   1.0
  403200  0.0019305  0.00000034 208.86 19445.8     259  27.4
  403368  0.0023697  0.00000036 170.22 15849.1     211   4.0
  405000  0.0058824  0.00000033  68.85  6412.5      85   0.5
  408240  0.0020921  0.00000035 195.14 18186.0     239  20.1
  409600  0.0046729  0.00000031  87.65  8171.1     107   1.5
  411600  0.0019531  0.00000034 210.74 19652.4     256  11.5
  413343  0.0058824  0.00000037  70.27  6555.0      85   1.6
  414720  0.0020833  0.00000034 199.07 18574.6     240  23.0
  416745  0.0053763  0.00000036  77.51  7235.5      93   2.0
  419904  0.0053191  0.00000034  78.94  7373.1      94   1.4
  420000  0.0020243  0.00000034 207.48 19378.7     247  19.5
  420175  0.0053763  0.00000036  78.15  7299.7      93   1.0
  421875  0.0055556  0.00000038  75.94  7095.0      90   3.0
  423360  0.0021459  0.00000034 197.29 18437.9     233  17.9
  425250  0.0034965  0.00000034 121.62 11370.4     143  10.1
  428652  0.0027174  0.00000036 157.74 14756.5     184   6.7
  428750  0.0035971  0.00000036 119.19 11150.3     139   3.0
  430080  0.0020408  0.00000034 210.74 19719.1     245  21.2
  432000  0.0018519  0.00000033 233.28 21835.8     270  26.2
  432180  0.0025510  0.00000035 169.41 15858.3     196   7.8
  435456  0.0022321  0.00000035 195.08 18271.8     224  21.1
  437400  0.0023474  0.00000034 186.33 17458.0     213  18.5
  437500  0.0026596  0.00000038 164.50 15412.8     188   6.4
  439040  0.0021834  0.00000034 201.08 18845.2     229   8.8
  441000  0.0024390  0.00000034 180.81 16951.3     205  15.4
  442368  0.0021097  0.00000035 209.68 19662.9     237  15.7
  444528  0.0024631  0.00000036 180.48 16930.6     203   8.8
  448000  0.0021834  0.00000034 205.18 19259.7     229  16.3
  450000  0.0021739  0.00000035 207.00 19436.9     230  18.9
  451584  0.0056818  0.00000034  79.48  7464.9      88   1.6
  453600  0.0022222  0.00000034 204.12 19178.2     225  29.8
  453789  0.0071429  0.00000037  63.53  5969.2      70   1.1
  455625  0.0062500  0.00000037  72.90  6851.7      80   3.6
  458752  0.0021645  0.00000035 211.94 19930.5     231   8.6
  459270  0.0039683  0.00000036 115.74 10884.4     126   8.2
  459375  0.0064103  0.00000037  71.66  6739.6      78   2.6
  460800  0.0054945  0.00000032  83.87  7889.1      91   1.4
  460992  0.0025773  0.00000037 178.86 16826.2     194   8.8
  463050  0.0034014  0.00000035 136.14 12811.0     147   6.8
  466560  0.0025510  0.00000034 182.89 17220.8     196  26.9
  468750  0.0041322  0.00000039 113.44 10684.9     121   5.7
  470400  0.0023585  0.00000034 199.45 18791.7     212  21.5
  470596  0.0092593  0.00000036  50.82  4788.7      54   0.0
  472392  0.0078125  0.00000036  60.47  5698.8      64   0.5
  472500  0.0026178  0.00000034 180.49 17011.6     191  17.4
  476280  0.0029070  0.00000035 163.84 15451.3     172  14.5
  480000  0.0022124  0.00000034 216.96 20473.1     226  22.2
  480200  0.0074627  0.00000034  64.35  6072.2      67   0.3
  483840  0.0023041  0.00000034 209.99 19827.1     217  33.2
  486000  0.0025510  0.00000033 190.51 17994.4     196  24.6
  489888  0.0027933  0.00000035 175.38 16575.2     179  19.5
  490000  0.0067568  0.00000034  72.52  6854.0      74   0.8
  491520  0.0024272  0.00000034 202.51 19143.8     206  18.9
  492075  0.0067568  0.00000036  72.83  6885.3      74   3.8
  493920  0.0029586  0.00000035 166.94 15787.9     169  16.3
  496125  0.0070423  0.00000036  70.45  6664.7      71   4.1
  497664  0.0027473  0.00000035 181.15 17141.1     182  20.0
  500000  0.0062500  0.00000036  80.00  7572.6      80   0.9
  500094  0.0045045  0.00000037 111.02 10509.1     111   3.5
  501760  0.0026882  0.00000035 186.65 17673.1     186  13.0
  504000  0.0028409  0.00000034 177.41 16803.3     176  35.1
  504210  0.0049020  0.00000036 102.86  9742.6     102   4.6
  506250  0.0043860  0.00000035 115.42 10936.2     114  10.0
  508032  0.0068493  0.00000035  74.17  7029.6      73   1.3
  510300  0.0033784  0.00000035 151.05 14320.2     148  21.4
  512000  0.0028902  0.00000032 177.15 16799.1     173  16.2
  514500  0.0034722  0.00000035 148.18 14056.6     144  10.4
  516096  0.0026738  0.00000036 193.02 18315.0     187  22.2
  518400  0.0064103  0.00000032  80.87  7676.1      78   2.0
  518616  0.0034014  0.00000036 152.47 14473.0     147   7.6
  524288  0.0065789  0.00000034  79.69  7570.7      76   1.3
  524880  0.0030120  0.00000035 174.26 16556.1     166  30.2
  525000  0.0029940  0.00000037 175.35 16660.0     167  25.0
  526848  0.0028571  0.00000037 184.40 17524.2     175  14.6
  529200  0.0029762  0.00000034 177.81 16904.0     168  35.0
  531441  0.0083333  0.00000037  63.77  6064.7      60   1.4
  535815  0.0079365  0.00000036  67.51  6424.3      63   3.3
  537600  0.0028736  0.00000032 187.08 17806.9     174  40.5
  537824  0.0034722  0.00000037 154.89 14743.3     144   7.3
  540000  0.0027174  0.00000033 198.72 18920.7     184  38.1
  540225  0.0080645  0.00000036  66.99  6378.3      62   3.2
  544320  0.0031646  0.00000035 172.01 16387.0     158  46.7
  546750  0.0048544  0.00000035 112.63 10734.0     103  13.6
  546875  0.0080645  0.00000040  67.81  6462.8      62   2.0
  548800  0.0031447  0.00000035 174.52 16636.8     159  18.4
  551124  0.0040323  0.00000037 136.68 13033.7     124  13.5
  551250  0.0047619  0.00000035 115.76 11039.3     105  13.0
  552960  0.0028409  0.00000034 194.64 18565.7     176  39.2
  555660  0.0038760  0.00000036 143.36 13679.3     129  14.5
  559872  0.0032468  0.00000035 172.44 16463.5     154  32.8
  560000  0.0030675  0.00000035 182.56 17430.0     163  28.6
  562500  0.0101562  0.00000036  55.38  5289.6      50   0.1
  564480  0.0031847  0.00000036 177.25 16932.9     157  40.6
  567000  0.0036232  0.00000034 156.49 14955.1     138  38.5
  571536  0.0086207  0.00000035  66.30  6339.6      58   1.0
  573440  0.0032258  0.00000034 177.77 17002.7     155  24.9
  576000  0.0029586  0.00000033 194.69 18627.5     169  44.6
  576240  0.0039370  0.00000035 146.36 14004.4     127  19.0
  580608  0.0034965  0.00000036 166.05 15897.3     143  37.0
  583200  0.0078125  0.00000033  74.65  7149.1      64   1.3
  583443  0.0102041  0.00000038  57.18  5475.9      49   1.6
  588000  0.0034247  0.00000034 171.70 16453.2     146  33.3
  588245  0.0102041  0.00000037  57.65  5524.4      49   1.0
  589824  0.0072464  0.00000036  81.40  7801.7      69   2.1
  590490  0.0058140  0.00000036 101.56  9735.7      86  10.9
  590625  0.0090909  0.00000037  64.97  6227.9      55   6.2
  592704  0.0039683  0.00000035 149.36 14321.5     126  20.2
  595350  0.0054348  0.00000035 109.54 10507.2      92  15.8
  600000  0.0033784  0.00000036 177.60 17044.8     148  35.0
  600250  0.0058140  0.00000036 103.24  9908.9      86   5.4
  602112  0.0033557  0.00000038 179.43 17224.9     149  27.3
  604800  0.0031447  0.00000034 192.33 18469.2     159  60.8
  605052  0.0051020  0.00000037 118.59 11388.6      98   8.2
  607500  0.0039370  0.00000035 154.30 14822.9     127  25.8
  612360  0.0043478  0.00000036 140.84 13537.8     115  37.2
  612500  0.0048077  0.00000038 127.40 12245.9     104  14.2
  614400  0.0038760  0.00000032 158.52 15240.3     129  41.0
  614656  0.0086207  0.00000035  71.30  6855.3      58   1.9
  617400  0.0049020  0.00000035 125.95 12113.7     102  33.9
  622080  0.0038462  0.00000034 161.74 15564.9     130  52.0
  625000  0.0042017  0.00000040 148.75 14319.8     119  15.7
  627200  0.0075758  0.00000032  82.79  7972.1      66   1.6
  629856  0.0044248  0.00000036 142.35 13711.4     113  31.6
  630000  0.0038462  0.00000034 163.80 15778.0     130  44.8
  635040  0.0040650  0.00000035 156.22 15056.8     123  42.4
  637875  0.0098039  0.00000037  65.06  6273.0      51   6.9
  640000  0.0078125  0.00000033  81.92  7900.2      64   2.1
  642978  0.0071429  0.00000037  90.02  8684.1      70   7.9
  643125  0.0104167  0.00000037  61.74  5956.3      48   3.3
  645120  0.0038760  0.00000034 166.44 16060.9     129  54.2
  648000  0.0038760  0.00000033 167.18 16138.0     129  54.4
  648270  0.0066667  0.00000036  97.24  9386.7      75  10.0
  653184  0.0040650  0.00000035 160.68 15519.7     123  45.2
  655360  0.0039370  0.00000033 166.46 16081.8     127  24.7
  656100  0.0123857  0.00000034  52.97  5118.1      41   0.2
  656250  0.0065789  0.00000038  99.75  9637.8      76  14.5
  658560  0.0041667  0.00000036 158.05 15275.1     120  29.4
  661500  0.0045045  0.00000035 146.85 14197.3     111  24.0
  663552  0.0083333  0.00000034  79.63  7699.8      60   1.9
  666792  0.0051020  0.00000037 130.69 12642.3      98  14.8
  672000  0.0038462  0.00000034 174.72 16911.2     130  55.8
  672280  0.0049020  0.00000035 137.15 13274.8     102  12.2
  675000  0.0045045  0.00000036 149.85 14508.9     111  37.3
  677376  0.0042735  0.00000037 158.51 15351.0     117  43.4
  680400  0.0045455  0.00000035 149.69 14501.8     110  56.6
  686000  0.0044643  0.00000036 153.66 14896.1     112  18.5
  688128  0.0046729  0.00000036 147.26 14278.5     107  32.0
  688905  0.0111111  0.00000037  62.00  6012.3      45   5.9
  691200  0.0040984  0.00000032 168.65 16358.3     122  64.1
  691488  0.0100000  0.00000036  69.15  6707.2      50   1.2
  694575  0.0121951  0.00000036  56.96  5526.3      41   5.5
  699840  0.0045455  0.00000035 153.96 14947.4     110  55.2
  700000  0.0039370  0.00000037 177.80 17261.7     127  31.8
  702464  0.0050000  0.00000037 140.49 13643.3     100  22.4
  703125  0.0113636  0.00000040  61.87  6009.1      44   5.0
  705600  0.0089286  0.00000033  79.03  7676.9      56   2.3
  705894  0.0078125  0.00000038  90.35  8777.5      64   3.8
  708588  0.0064935  0.00000037 109.12 10603.8      77  14.4
  708750  0.0063291  0.00000035 111.98 10881.9      79  22.8
  714420  0.0056818  0.00000036 125.74 12225.8      88  25.6
  716800  0.0044643  0.00000034 160.56 15615.7     112  38.3
  720000  0.0089286  0.00000033  80.64  7845.3      56   1.8
  720300  0.0055556  0.00000035 129.65 12614.2      90  18.8
  725760  0.0045455  0.00000035 159.67 15542.9     110  71.2
  729000  0.0049020  0.00000035 148.72 14481.6     102  45.8
  734832  0.0056180  0.00000036 130.80 12744.5      89  35.9
  735000  0.0050000  0.00000036 147.00 14323.2     100  34.6
  737280  0.0044643  0.00000034 165.15 16095.5     112  52.3
  740880  0.0052632  0.00000035 140.77 13724.0      95  32.9
  746496  0.0095814  0.00000034  77.91  7600.2      53   2.7
  750000  0.0045872  0.00000038 163.50 15954.8     109  37.7
  750141  0.0135135  0.00000038  55.51  5416.9      37   2.3
  752640  0.0045455  0.00000034 165.58 16162.0     110  39.9
  756000  0.0052632  0.00000034 143.64 14025.0      95  71.9
  756315  0.0125000  0.00000037  60.51  5907.9      40   3.7
  759375  0.0123857  0.00000038  61.31  5988.4      41   6.4
  762048  0.0053191  0.00000036 143.27 13996.7      94  46.2
  765450  0.0080645  0.00000036  94.92  9276.1      62  25.5
  765625  0.0125000  0.00000039  61.25  5986.0      40   2.8
  768000  0.0046296  0.00000034 165.89 16216.2     108  53.1
  768320  0.0053191  0.00000036 144.44 14120.4      94  24.4
  771750  0.0074627  0.00000036 103.41 10112.8      67  15.4
  774144  0.0053191  0.00000038 145.54 14235.4      94  52.1
  777600  0.0049020  0.00000034 158.63 15520.9     102  75.2
  777924  0.0151515  0.00000038  51.34  5023.7      33   0.2
  781250  0.0083333  0.00000042  93.75  9176.0      60   8.0
  784000  0.0049505  0.00000035 158.37 15504.6     101  44.4
  786432  0.0056180  0.00000034 139.98 13708.0      89  32.7
  787320  0.0063291  0.00000036 124.40 12182.5      79  53.6
  787500  0.0052083  0.00000037 151.20 14807.7      96  48.4
  790272  0.0057471  0.00000037 137.51 13470.2      87  38.7
  793800  0.0121951  0.00000034  65.09  6378.5      41   0.8
  800000  0.0046296  0.00000036 172.80 16942.7     108  38.2
  802816  0.0105794  0.00000036  75.88  7442.3      48   2.7
  806400  0.0051546  0.00000035 156.44 15347.8      97  96.8
  806736  0.0060241  0.00000037 133.92 13138.5      83  21.2
  810000  0.0115412  0.00000034  70.18  6887.6      44   1.4
  816480  0.0054945  0.00000036 148.60 14591.8      91  87.4
  819200  0.0100000  0.00000032  81.92  8046.1      50   2.0
  820125  0.0130208  0.00000037  62.99  6186.9      39  11.8
  823200  0.0056818  0.00000035 144.88 14235.4      88  48.5
  823543  0.0156250  0.00000038  52.71  5178.8      32   0.5
  826686  0.0092593  0.00000038  89.28  8775.1      54  17.1
  826875  0.0137247  0.00000037  60.25  5921.5      37  12.4
  829440  0.0043860  0.00000035 189.11 18591.4     114  84.1
  833490  0.0094340  0.00000037  88.35  8688.7      53  19.6
  839808  0.0108696  0.00000035  77.26  7602.5      46   2.1
  840000  0.0050505  0.00000036 166.32 16365.9      99  80.7
  840350  0.0094340  0.00000036  89.08  8765.5      53   8.5
  843750  0.0090909  0.00000037  92.81  9135.7      55  30.3
  846720  0.0058140  0.00000035 145.64 14339.0      86  94.6
  850500  0.0065789  0.00000035 129.28 12732.4      76  64.3
  857304  0.0081967  0.00000037 104.59 10307.2      61  29.9
  857500  0.0064935  0.00000038 132.05 13013.9      77  16.3
  860160  0.0056180  0.00000035 153.11 15092.1      89  78.0
  864000  0.0050505  0.00000034 171.07 16868.3      99 100.0
  864360  0.0067568  0.00000036 127.93 12614.2      74  41.7
  870912  0.0061728  0.00000038 141.09 13919.8      81  79.8
  874800  0.0066667  0.00000036 131.22 12950.5      75  62.6
  875000  0.0064935  0.00000039 134.75 13299.1      77  29.9
  878080  0.0059524  0.00000036 147.52 14562.9      84  32.2
  882000  0.0063291  0.00000036 139.36 13761.7      79  80.4
  884736  0.0059524  0.00000034 148.64 14681.4      84  47.3
  885735  0.0151515  0.00000037  58.46  5774.7      33   9.3
  889056  0.0060976  0.00000037 145.81 14406.9      82  52.2
  893025  0.0147059  0.00000037  60.73  6002.2      34  14.5
  896000  0.0057471  0.00000034 155.90 15413.6      87  56.3
  900000  0.0057471  0.00000037 156.60 15487.4      87  84.6
  900375  0.0147059  0.00000037  61.23  6055.3      34   6.8
  903168  0.0116279  0.00000035  77.67  7683.6      43   2.5
  907200  0.0058824  0.00000034 154.22 15261.3      85 127.4
  907578  0.0100000  0.00000038  90.76  8981.2      50  11.8
  911250  0.0084746  0.00000035 107.53 10643.9      59  35.0
  917504  0.0071429  0.00000036 128.45 12721.3      70  32.9
  918540  0.0080645  0.00000037 113.90 11281.1      62  56.5
  918750  0.0098039  0.00000038  93.71  9281.9      51  25.8
  921600  0.0125000  0.00000032  73.73  7304.2      40   3.7
  921984  0.0072464  0.00000037 127.23 12605.3      69  33.2
  926100  0.0076923  0.00000036 120.39 11931.4      65  50.9
  933120  0.0072464  0.00000035 128.77 12768.7      69 105.8
  937500  0.0067568  0.00000040 138.75 13762.9      74  40.1
  940800  0.0064935  0.00000034 144.88 14375.0      77  74.4
  941192  0.0166667  0.00000037  56.47  5603.1      30   0.6
  944784  0.0156250  0.00000036  60.47  6001.2      32   1.7
  945000  0.0070423  0.00000037 134.19 13318.3      71  89.3
  952560  0.0080645  0.00000036 118.12 11729.9      62  76.4
  960000  0.0061728  0.00000034 155.52 15453.0      81  73.5
  960400  0.0145089  0.00000035  66.19  6577.4      35   1.3
  964467  0.0175108  0.00000038  55.08  5474.6      29   7.6
  967680  0.0063291  0.00000037 152.89 15200.8      79 122.8
  972000  0.0060976  0.00000036 159.41 15853.6      82 105.1
  972405  0.0158691  0.00000037  61.28  6094.3      32   8.5
  979776  0.0081967  0.00000037 119.53 11894.8      61  91.3
  980000  0.0151515  0.00000035  64.68  6436.4      33   2.1
  983040  0.0064935  0.00000034 151.39 15068.3      77  77.4
  984150  0.0100000  0.00000037  98.42  9796.5      50  39.2
  984375  0.0175108  0.00000039  56.22  5595.9      29  15.5
  987840  0.0074627  0.00000036 132.37 13180.1      67  71.9
  992250  0.0108696  0.00000035  91.29  9092.3      46  38.5
  995328  0.0074627  0.00000036 133.37 13287.3      67  61.5
 1000000  0.0138889  0.00000037  72.00  7175.4      36   2.9
 1000188  0.0089286  0.00000038 112.02 11163.9      56  25.9
 1003520  0.0075758  0.00000035 132.46 13204.5      66  54.9
 1008000  0.0063291  0.00000035 159.26 15881.1      79 137.3
 1008420  0.0081967  0.00000037 123.03 12268.1      61  32.0
 1012500  0.0074627  0.00000037 135.68 13533.2      67  64.0
 1016064  0.0131579  0.00000035  77.22  7704.5      38   3.6
 1020600  0.0080645  0.00000036 126.55 12630.8      62 105.2
 1024000  0.0069444  0.00000034 147.46 14720.4      72  54.8
 1029000  0.0080645  0.00000037 127.60 12742.3      62  52.0
 1032192  0.0078125  0.00000037 132.12 13197.0      64  83.7
 1036800  0.0135135  0.00000033  76.72  7666.1      37   3.0
 1037232  0.0094340  0.00000037 109.95 10986.0      53  31.1
 1048576  0.0137247  0.00000035  76.40  7640.1      37   3.4
 1049760  0.0074627  0.00000036 140.67 14067.9      67 143.2
 1050000  0.0072464  0.00000037 144.90 14491.4      69 117.2
 1053696  0.0080645  0.00000036 130.66 13070.4      62  77.1
 1058400  0.0081967  0.00000036 129.12 12921.2      61 131.8
 1058841  0.0217391  0.00000039  48.71  4874.1      23   4.5
 1062882  0.0137247  0.00000038  77.44  7751.9      37  18.0
 1063125  0.0190972  0.00000038  55.67  5572.4      27  20.3
 1071630  0.0128205  0.00000037  83.59  8371.8      39  35.9
 1071875  0.0211589  0.00000038  50.66  5073.9      24   4.0
 1075200  0.0068493  0.00000035 156.98 15726.3      73 169.5
 1075648  0.0087719  0.00000037 122.62 12284.9      57  36.5
 1080000  0.0072464  0.00000036 149.04 14935.7      69 139.4
 1080450  0.0119048  0.00000037  90.76  9095.4      42  30.9
 1088640  0.0084746  0.00000035 128.46 12880.7      59 202.7
 1093500  0.0089090  0.00000036 122.74 12311.3      57  90.9
 1093750  0.0121951  0.00000041  89.69  8996.0      41  16.4
 1097600  0.0094340  0.00000035 116.35 11672.9      53  92.4
 1102248  0.0101562  0.00000038 108.53 10892.0      50  80.5
 1102500  0.0234375  0.00000035  47.04  4721.0      22   0.3
 1105920  0.0074627  0.00000036 148.19 14876.2      67 163.9
 1111320  0.0092593  0.00000037 120.02 12052.6      54  78.7
 1119744  0.0079365  0.00000036 141.09 14175.6      63 117.2
 1120000  0.0076923  0.00000035 145.60 14629.2      65 114.0
 1125000  0.0185185  0.00000037  60.75  6105.8      27   1.1
 1128960  0.0080645  0.00000035 139.99 14073.7      62 178.9
 1134000  0.0076923  0.00000036 147.42 14825.3      65 182.7
 1143072  0.0178571  0.00000036  64.01  6441.0      28   2.7
 1146880  0.0081967  0.00000035 139.92 14082.4      61 101.2
 1148175  0.0195312  0.00000037  58.79  5917.1      26  22.6
 1152000  0.0069444  0.00000034 165.89 16701.4      72 185.5
 1152480  0.0096154  0.00000036 119.86 12067.5      52 101.1
 1157625  0.0230824  0.00000037  50.15  5051.0      22  14.8
 1161216  0.0081967  0.00000038 141.67 14271.1      61 156.0
 1166400  0.0158691  0.00000034  73.50  7406.6      32   3.9
 1166886  0.0135135  0.00000038  86.35  8701.5      37  16.8
 1171875  0.0227273  0.00000037  51.56  5197.6      22  10.7
 1176000  0.0080645  0.00000036 145.82 14703.0      62 152.7
 1176490  0.0163810  0.00000037  71.82  7241.7      31   9.6
 1179648  0.0169271  0.00000036  69.69  7028.2      30   3.3
 1180980  0.0106383  0.00000037 111.01 11196.4      47  76.8
 1181250  0.0120908  0.00000037  97.70  9853.8      42  55.6
 1185408  0.0096154  0.00000038 123.28 12437.3      52  92.8
 1190700  0.0104167  0.00000038 114.31 11535.5      48  74.2
 1200000  0.0074627  0.00000037 160.80 16236.5      67 156.7
 1200500  0.0100000  0.00000037 120.05 12122.2      50  30.1
 1204224  0.0086207  0.00000037 139.69 14108.5      58 102.8
 1209600  0.0081967  0.00000035 147.57 14909.2      61 244.7
 1210104  0.0108696  0.00000038 111.33 11248.0      46  48.7
 1215000  0.0092593  0.00000037 131.22 13261.4      54 104.1
 1224720  0.0092330  0.00000037 132.65 13413.2      55 173.4
 1225000  0.0099571  0.00000038 123.03 12440.8      51  62.6
 1228800  0.0084746  0.00000034 145.00 14665.7      59 138.1
 1229312  0.0185185  0.00000038  66.38  6714.4      27   3.3
 1234800  0.0102041  0.00000037 121.01 12243.7      49 138.3
 1240029  0.0271382  0.00000038  45.69  4624.6      19  11.2
 1244160  0.0087719  0.00000035 141.83 14358.4      57 205.7
 1250000  0.0090909  0.00000040 137.50 13924.3      55  68.8
 1250235  0.0217391  0.00000038  57.51  5824.1      23  12.4
 1254400  0.0172414  0.00000033  72.76  7369.6      29   4.4
 1259712  0.0103635  0.00000037 121.55 12316.1      49 119.4
 1260000  0.0086207  0.00000037 146.16 14809.7      58 199.3
 1260525  0.0234375  0.00000037  53.78  5449.7      22  10.6
 1265625  0.0241815  0.00000039  52.34  5304.9      21  19.9
 1270080  0.0098039  0.00000036 129.55 13133.9      51 205.3
 1275750  0.0133635  0.00000036  95.47  9681.6      38  66.4
 1280000  0.0177802  0.00000033  71.99  7302.6      29   3.4
 1285956  0.0298713  0.00000038  43.05  4368.4      17   0.3
 1286250  0.0141059  0.00000038  91.19  9252.9      36  31.3
 1290240  0.0094340  0.00000036 136.77 13881.2      53 221.5
 1296000  0.0087719  0.00000035 147.74 15000.2      57 231.8
 1296540  0.0112847  0.00000037 114.89 11665.3      45  67.6
 1306368  0.0098039  0.00000038 133.25 13536.2      51 192.3
 1310720  0.0096154  0.00000035 136.31 13850.9      52  99.5
 1312200  0.0238095  0.00000035  55.11  5600.4      21   1.4
 1312500  0.0104167  0.00000039 126.00 12804.0      48 107.1
 1317120  0.0099571  0.00000037 132.28 13445.5      51 153.0
 1323000  0.0102041  0.00000035 129.65 13182.8      49 166.7
 1327104  0.0177802  0.00000035  74.64  7590.8      29   5.1
 1333584  0.0110394  0.00000038 120.80 12289.7      46  89.1
 1344000  0.0090909  0.00000035 147.84 15048.7      55 252.8
 1344560  0.0116279  0.00000037 115.63 11770.6      43  65.9
 1350000  0.0089286  0.00000036 151.20 15395.6      56 204.1
 1354752  0.0105794  0.00000037 128.06 13042.2      48 155.2
 1360800  0.0103635  0.00000036 131.31 13377.5      49 275.1
 1361367  0.0286458  0.00000040  47.52  4841.9      18   7.4
 1366875  0.0217391  0.00000038  62.88  6407.9      23  29.5
 1372000  0.0111111  0.00000037 123.48 12587.5      45  95.2
 1376256  0.0104167  0.00000036 132.12 13471.2      48 141.5
 1377810  0.0153883  0.00000038  89.54  9130.0      33  63.4
 1378125  0.0224185  0.00000039  61.47  6268.5      23  28.9
 1382400  0.0102041  0.00000034 135.48 13817.6      49 234.7
 1382976  0.0211589  0.00000036  65.36  6666.7      24   3.8
 1389150  0.0156250  0.00000037  88.91  9070.9      32  60.9
 1399680  0.0090909  0.00000036 153.96 15717.2      55 263.5
 1400000  0.0090909  0.00000038 154.00 15721.1      55 155.9
 1404928  0.0111111  0.00000037 126.44 12911.2      45  84.3
 1406250  0.0158691  0.00000040  88.62  9049.1      32  65.0
 1411200  0.0217391  0.00000034  64.92  6630.6      23   4.0
 1411788  0.0195312  0.00000039  72.28  7383.4      26  23.6
 1417176  0.0158691  0.00000038  89.30  9124.4      32  66.0
 1417500  0.0116279  0.00000036 121.90 12455.6      43 159.6
 1428840  0.0119048  0.00000037 120.02 12270.2      42 132.1
 1433600  0.0102041  0.00000035 140.49 14366.2      49 168.3
 1440000  0.0195312  0.00000034  73.73  7541.5      26   4.9
 1440600  0.0116279  0.00000037 123.89 12673.0      43  98.8
 1451520  0.0104167  0.00000037 139.35 14261.5      48 308.0
 1458000  0.0120908  0.00000037 120.59 12345.5      42 206.6
 1469664  0.0125000  0.00000038 117.57 12043.6      40 181.6
 1470000  0.0100000  0.00000036 147.00 15058.2      50 162.5
 1474560  0.0104167  0.00000035 141.56 14503.9      48 215.0
 1476225  0.0250000  0.00000038  59.05  6050.6      20  30.3
 1481760  0.0106383  0.00000037 139.29 14276.0      47 165.4
 1488375  0.0238095  0.00000038  62.51  6409.1      21  35.9
 1492992  0.0224185  0.00000036  66.60  6829.4      23   4.4
 1500000  0.0099571  0.00000038 150.65 15453.7      51 167.1
 1500282  0.0195312  0.00000039  76.81  7879.9      26  23.7
 1500625  0.0253906  0.00000038  59.10  6063.0      20   8.6
 1505280  0.0111111  0.00000037 135.48 13900.8      45 219.1
 1512000  0.0090909  0.00000035 166.32 17071.1      55 341.4
 1512630  0.0195312  0.00000038  77.45  7949.4      26  45.3
 1518750  0.0147059  0.00000036 103.28 10603.5      34  78.5
 1524096  0.0125000  0.00000037 121.93 12521.7      40 173.3
 1530900  0.0137247  0.00000037 111.54 11458.9      37 184.7
 1531250  0.0172414  0.00000039  88.81  9123.8      29  33.2
 1536000  0.0101562  0.00000035 151.24 15540.2      50 243.8
 1536640  0.0126953  0.00000036 121.04 12437.7      40 104.4
 1543500  0.0131579  0.00000037 117.31 12057.8      38 119.0
 1548288  0.0137247  0.00000038 112.81 11598.2      37 213.8
 1555200  0.0106383  0.00000036 146.19 15034.5      47 290.5
 1555848  0.0312500  0.00000038  49.79  5120.4      16   1.6
 1562500  0.0343750  0.00000041  45.45  4676.2      15   0.3
 1568000  0.0115412  0.00000035 135.86 13980.4      44 171.8
 1572864  0.0126953  0.00000035 123.89 12751.7      40 117.3
 1574640  0.0121951  0.00000037 129.12 13290.8      41 302.7
 1575000  0.0113636  0.00000038 138.60 14266.7      44 285.5
 1580544  0.0125000  0.00000037 126.44 13018.6      40 208.8
 1587600  0.0241815  0.00000035  65.65  6761.8      21   3.0
 1594323  0.0322266  0.00000039  49.47  5096.8      16   9.3
 1600000  0.0111111  0.00000037 144.00 14838.9      45 144.4
 1605632  0.0241815  0.00000037  66.40  6844.0      21   4.4
 1607445  0.0290799  0.00000038  55.28  5698.0      18  26.5
 1612800  0.0108045  0.00000035 149.27 15390.7      47 444.1
 1613472  0.0156250  0.00000038 103.26 10647.2      32 115.4
 1620000  0.0271382  0.00000034  59.69  6156.8      19   3.7
 1620675  0.0263158  0.00000038  61.59  6352.0      19  26.1
 1632960  0.0121951  0.00000037 133.90 13818.1      41 437.2
 1638400  0.0227273  0.00000033  72.09  7441.0      22   5.8
 1640250  0.0178571  0.00000037  91.85  9481.9      28 120.1
 1640625  0.0317383  0.00000039  51.69  5336.1      16  31.3
 1646400  0.0130208  0.00000036 126.44 13055.9      39 277.5
 1647086  0.0271382  0.00000038  60.69  6267.0      19   5.3
 1653372  0.0195312  0.00000039  84.65  8743.3      26 116.8
 1653750  0.0175108  0.00000036  94.44  9754.6      29 114.8
 1658880  0.0120908  0.00000038 137.20 14174.2      42 365.9
 1666980  0.0177802  0.00000038  93.75  9689.0      29 134.3
 1679616  0.0234375  0.00000035  71.66  7409.9      22   5.9
 1680000  0.0112847  0.00000036 148.87 15393.6      45 393.9
 1680700  0.0151515  0.00000037 110.93 11470.1      33  57.1
 1687500  0.0121951  0.00000038 138.38 14312.4      41 157.8
 1693440  0.0126953  0.00000037 133.39 13800.3      40 425.5
 1701000  0.0137247  0.00000036 123.94 12826.3      37 356.2
 1714608  0.0166667  0.00000038 102.88 10652.6      30 126.9
 1715000  0.0145089  0.00000038 118.20 12239.8      35 102.6
 1720320  0.0131579  0.00000036 130.74 13541.3      38 360.0
 1728000  0.0116279  0.00000035 148.61 15396.3      43 466.1
 1728720  0.0166667  0.00000037 103.72 10746.4      30 216.3
 1741824  0.0131579  0.00000037 132.38 13722.5      38 354.6
 1749600  0.0125000  0.00000036 139.97 14513.7      40 275.6
 1750000  0.0130208  0.00000040 134.40 13936.6      39 150.8
 1750329  0.0390625  0.00000040  44.81  4646.5      13  10.2
 1756160  0.0145089  0.00000037 121.04 12554.3      35 154.3
 1764000  0.0126953  0.00000036 138.95 14416.2      40 357.5
 1764735  0.0362723  0.00000039  48.65  5047.9      14  13.8
 1769472  0.0138889  0.00000036 127.40 13221.1      36 171.2
 1771470  0.0217391  0.00000039  81.49  8457.0      23  91.5
 1771875  0.0303309  0.00000039  58.42  6062.9      17  49.7
 1778112  0.0158691  0.00000037 112.05 11631.7      32 227.6
 1786050  0.0206250  0.00000037  86.60  8992.3      25 133.6
 1792000  0.0111111  0.00000036 161.28 16751.5      45 237.2
 1800000  0.0113636  0.00000037 158.40 16457.4      44 371.9
 1800750  0.0208333  0.00000037  86.44  8980.8      24  70.6
 1806336  0.0261719  0.00000038  69.02  7172.6      20   6.9
 1814400  0.0130208  0.00000035 139.35 14485.7      39 570.3
 1815156  0.0211589  0.00000039  85.79  8918.3      24  80.1
 1822500  0.0402644  0.00000036  45.26  4706.8      13   0.5
 1835008  0.0156250  0.00000035 117.44 12218.1      32 127.0
 1837080  0.0161290  0.00000037 113.90 11850.6      31 365.5
 1837500  0.0142857  0.00000039 128.62 13383.0      35 202.6
 1843200  0.0271382  0.00000033  67.92  7068.3      19   5.8
 1843968  0.0156250  0.00000038 118.01 12281.9      32 154.0
 1852200  0.0141059  0.00000036 131.31 13669.6      36 317.5
 1866240  0.0138889  0.00000036 134.37 13995.7      36 449.0
 1875000  0.0145089  0.00000041 129.23 13464.9      35 228.7
 1881600  0.0135135  0.00000036 139.24 14511.1      37 329.6
 1882384  0.0327148  0.00000038  57.54  5996.8      16   2.4
 1889568  0.0348958  0.00000038  54.15  5644.9      15   4.4
 1890000  0.0147059  0.00000036 128.52 13398.2      34 496.6
 1905120  0.0147059  0.00000036 129.55 13512.8      34 454.9
 1913625  0.0333333  0.00000038  57.41  5990.0      15  67.5
 1920000  0.0131579  0.00000035 145.92 15228.7      38 275.9
 1920800  0.0327148  0.00000035  58.71  6127.7      16   3.5
 1928934  0.0234375  0.00000039  82.30  8592.0      22  76.0
 1929375  0.0343750  0.00000039  56.13  5859.6      15  44.3
 1935360  0.0138889  0.00000036 139.35 14550.6      36 589.3
 1944000  0.0142857  0.00000035 136.08 14214.0      35 539.0
 1944810  0.0217391  0.00000038  89.46  9344.8      23  97.2
 1953125  0.0390625  0.00000040  50.00  5224.3      13  12.5
 1959552  0.0153883  0.00000038 127.34 13308.4      33 455.0
 1960000  0.0282118  0.00000036  69.47  7260.9      18   5.9
 1966080  0.0158691  0.00000036 123.89 12951.1      32 366.4
 1968300  0.0192308  0.00000038 102.35 10700.1      26 203.5
 1968750  0.0211589  0.00000039  93.05  9727.4      24 166.9
 1975680  0.0166667  0.00000036 118.54 12395.8      30 392.8
 1984500  0.0172414  0.00000036 115.10 12039.8      29 266.4
 1990656  0.0166667  0.00000039 119.44 12496.2      30 209.8
 2000000  0.0317383  0.00000037  63.02  6595.1      16   4.7
 2000376  0.0190972  0.00000039 104.75 10962.7      27 146.4
 2007040  0.0145089  0.00000036 138.33 14481.0      35 228.5
 2016000  0.0130208  0.00000035 154.83 16212.9      39 646.8
 2016840  0.0184152  0.00000037 109.52 11468.8      28 206.9
 2025000  0.0156250  0.00000038 129.60 13575.3      32 325.1
 2032128  0.0307904  0.00000037  66.00  6914.9      17   5.9
 2041200  0.0161290  0.00000037 126.55 13263.5      31 515.9
 2048000  0.0156250  0.00000035 131.07 13740.1      32 190.0
 2058000  0.0153883  0.00000036 133.74 14024.3      33 310.0
 2064384  0.0166667  0.00000037 123.86 12991.5      30 357.0
 2066715  0.0390625  0.00000039  52.91  5549.8      13  51.1
 2073600  0.0307904  0.00000033  67.35  7065.8      17   8.2
 2074464  0.0166667  0.00000038 124.47 13059.4      30 146.2
 2083725  0.0368304  0.00000038  56.58  5937.9      14  55.6
 2097152  0.0282118  0.00000036  74.34  7805.3      18   5.2
 2099520  0.0166667  0.00000037 125.97 13228.0      30 599.6
 2100000  0.0130208  0.00000037 161.28 16936.0      39 563.5
 2100875  0.0373884  0.00000038  56.19  5900.7      14  18.1
 2107392  0.0163810  0.00000038 128.65 13512.6      31 338.6
 2109375  0.0408654  0.00000041  51.62  5422.0      13  48.2
 2116800  0.0141059  0.00000035 150.06 15766.9      36 556.5
 2117682  0.0267270  0.00000039  79.23  8325.1      19  47.7
 2125764  0.0531250  0.00000038  40.01  4205.4      10   0.4
 2126250  0.0220788  0.00000036  96.30 10121.4      23 204.7
 2143260  0.0208333  0.00000038 102.88 10818.2      24 273.1
 2143750  0.0263158  0.00000039  81.46  8566.5      19  51.8
 2150400  0.0145089  0.00000035 148.21 15589.1      35 705.5
 2151296  0.0208333  0.00000038 103.26 10861.5      24 141.2
 2160000  0.0153883  0.00000036 140.37 14768.4      33 517.9
 2160900  0.0507812  0.00000037  42.55  4477.3      10   0.3
 2177280  0.0156250  0.00000036 139.35 14669.0      32 854.1
 2187000  0.0192308  0.00000037 113.72 11975.4      26 466.5
 2187500  0.0172414  0.00000042 126.88 13360.5      29 126.0
 2195200  0.0188079  0.00000037 116.72 12293.8      27 325.2
 2204496  0.0185185  0.00000038 119.04 12542.4      27 408.1
 2205000  0.0436198  0.00000036  50.55  5326.1      12   2.2
 2211840  0.0161290  0.00000037 137.13 14451.7      31 679.1
 2222640  0.0188079  0.00000037 118.18 12458.0      27 431.2
 2239488  0.0208333  0.00000038 107.50 11337.9      24 393.5
 2240000  0.0158691  0.00000037 141.15 14888.3      32 420.8
 2250000  0.0368304  0.00000037  61.09  6445.5      14   3.7
 2250423  0.0449219  0.00000039  50.10  5285.6      12  21.9
 2257920  0.0172414  0.00000036 130.96 13820.5      29 709.7
 2268000  0.0166667  0.00000036 136.08 14365.3      30 826.2
 2268945  0.0408654  0.00000038  55.52  5861.4      13  37.0
 2278125  0.0416667  0.00000039  54.67  5773.5      12  53.5
 2286144  0.0384615  0.00000037  59.44  6278.2      13   7.7
 2293760  0.0172414  0.00000036 133.04 14055.0      29 407.4
 2296350  0.0250000  0.00000038  91.85  9704.8      20 227.0
 2296875  0.0429688  0.00000040  53.45  5647.8      12  54.6
 2304000  0.0156250  0.00000035 147.46 15582.9      32 698.9
